{"C:\\Users\\Admin\\Documents\\Dev-work\\assesments\\nuxtjs-assesment\\components\\AddTask.vue": {"path":"C:\\Users\\Admin\\Documents\\Dev-work\\assesments\\nuxtjs-assesment\\components\\AddTask.vue","statementMap":{"0":{"start":{"line":3,"column":0},"end":{"line":5,"column":3}},"1":{"start":{"line":6,"column":12},"end":{"line":6,"column":26}},"2":{"start":{"line":7,"column":12},"end":{"line":7,"column":26}},"3":{"start":{"line":8,"column":0},"end":{"line":35,"column":3}},"4":{"start":{"line":12,"column":19},"end":{"line":12,"column":28}},"5":{"start":{"line":13,"column":15},"end":{"line":13,"column":22}},"6":{"start":{"line":14,"column":4},"end":{"line":14,"column":15}},"7":{"start":{"line":15,"column":18},"end":{"line":15,"column":36}},"8":{"start":{"line":16,"column":15},"end":{"line":16,"column":21}},"9":{"start":{"line":17,"column":18},"end":{"line":23,"column":5}},"10":{"start":{"line":18,"column":22},"end":{"line":18,"column":42}},"11":{"start":{"line":19,"column":6},"end":{"line":22,"column":7}},"12":{"start":{"line":20,"column":8},"end":{"line":20,"column":36}},"13":{"start":{"line":21,"column":8},"end":{"line":21,"column":27}},"14":{"start":{"line":24,"column":23},"end":{"line":28,"column":5}},"15":{"start":{"line":29,"column":4},"end":{"line":32,"column":7}},"16":{"start":{"line":33,"column":4},"end":{"line":33,"column":24}},"17":{"start":{"line":37,"column":0},"end":{"line":37,"column":62}},"18":{"start":{"line":38,"column":0},"end":{"line":38,"column":24}},"19":{"start":{"line":39,"column":12},"end":{"line":39,"column":26}},"20":{"start":{"line":40,"column":17},"end":{"line":40,"column":40}},"21":{"start":{"line":42,"column":4},"end":{"line":52,"column":8}},"22":{"start":{"line":44,"column":81},"end":{"line":44,"column":116}},"23":{"start":{"line":54,"column":0},"end":{"line":54,"column":24}},"24":{"start":{"line":55,"column":1},"end":{"line":55,"column":48}}},"fnMap":{"0":{"name":"(anonymous_0)","decl":{"start":{"line":11,"column":9},"end":{"line":11,"column":10}},"loc":{"start":{"line":11,"column":32},"end":{"line":34,"column":3}},"line":11},"1":{"name":"(anonymous_1)","decl":{"start":{"line":17,"column":18},"end":{"line":17,"column":19}},"loc":{"start":{"line":17,"column":30},"end":{"line":23,"column":5}},"line":17},"2":{"name":"render","decl":{"start":{"line":41,"column":9},"end":{"line":41,"column":15}},"loc":{"start":{"line":41,"column":63},"end":{"line":53,"column":1}},"line":41},"3":{"name":"(anonymous_3)","decl":{"start":{"line":44,"column":61},"end":{"line":44,"column":62}},"loc":{"start":{"line":44,"column":79},"end":{"line":44,"column":118}},"line":44}},"branchMap":{"0":{"loc":{"start":{"line":19,"column":6},"end":{"line":22,"column":7}},"type":"if","locations":[{"start":{"line":19,"column":6},"end":{"line":22,"column":7}},{"start":{},"end":{}}],"line":19},"1":{"loc":{"start":{"line":44,"column":35},"end":{"line":44,"column":119}},"type":"binary-expr","locations":[{"start":{"line":44,"column":35},"end":{"line":44,"column":44}},{"start":{"line":44,"column":49},"end":{"line":44,"column":118}}],"line":44}},"s":{"0":0,"1":0,"2":0,"3":0,"4":0,"5":0,"6":0,"7":0,"8":0,"9":0,"10":0,"11":0,"12":0,"13":0,"14":0,"15":0,"16":0,"17":0,"18":0,"19":0,"20":0,"21":0,"22":0,"23":0,"24":0},"f":{"0":0,"1":0,"2":0,"3":0},"b":{"0":[0,0],"1":[0,0]},"inputSourceMap":{"0":"{","1":"\"","2":"v","3":"e","4":"r","5":"s","6":"i","7":"o","8":"n","9":"\"","10":":","11":"3","12":",","13":"\"","14":"s","15":"o","16":"u","17":"r","18":"c","19":"e","20":"s","21":"\"","22":":","23":"[","24":"\"","25":"C","26":":","27":"/","28":"U","29":"s","30":"e","31":"r","32":"s","33":"/","34":"A","35":"d","36":"m","37":"i","38":"n","39":"/","40":"D","41":"o","42":"c","43":"u","44":"m","45":"e","46":"n","47":"t","48":"s","49":"/","50":"D","51":"e","52":"v","53":"-","54":"w","55":"o","56":"r","57":"k","58":"/","59":"a","60":"s","61":"s","62":"e","63":"s","64":"m","65":"e","66":"n","67":"t","68":"s","69":"/","70":"n","71":"u","72":"x","73":"t","74":"j","75":"s","76":"-","77":"a","78":"s","79":"s","80":"e","81":"s","82":"m","83":"e","84":"n","85":"t","86":"/","87":"c","88":"o","89":"m","90":"p","91":"o","92":"n","93":"e","94":"n","95":"t","96":"s","97":"/","98":"A","99":"d","100":"d","101":"T","102":"a","103":"s","104":"k","105":".","106":"v","107":"u","108":"e","109":"\"","110":"]","111":",","112":"\"","113":"n","114":"a","115":"m","116":"e","117":"s","118":"\"","119":":","120":"[","121":"]","122":",","123":"\"","124":"m","125":"a","126":"p","127":"p","128":"i","129":"n","130":"g","131":"s","132":"\"","133":":","134":"\"","135":";","136":";","137":"A","138":"A","139":"Q","140":"A","141":",","142":"M","143":"A","144":"A","145":"M","146":",","147":"C","148":"A","149":"A","150":"C","151":",","152":"c","153":"A","154":"A","155":"c","156":",","157":"C","158":"A","159":"A","160":"C","161":",","162":"O","163":"A","164":"A","165":"O","166":",","167":"E","168":"A","169":"A","170":"E","171":",","172":"Y","173":"A","174":"A","175":"Y","176":",","177":"E","178":"A","179":"A","180":"E","181":";","182":"E","183":"A","184":"A","185":"E","186":",","187":"K","188":"A","189":"A","190":"K","191":",","192":"E","193":"A","194":"A","195":"E","196":";","197":"A","198":"A","199":"A","200":"K","201":",","202":"C","203":"A","204":"A","205":"C","206":",","207":"C","208":"A","209":"A","210":"C","211":";","212":"A","213":"A","214":"C","215":"7","216":"D","217":",","218":"I","219":"A","220":"A","221":"I","222":",","223":"K","224":"A","225":"A","226":"K","227":",","228":"G","229":"A","230":"A","231":"G","232":",","233":"O","234":"A","235":"A","236":"O","237":",","238":"C","239":"A","240":"A","241":"C","242":",","243":"K","244":"A","245":"A","246":"K","247":",","248":"C","249":"A","250":"A","251":"C","252":";","253":";","254":";","255":";","256":";","257":";","258":";","259":";","260":"I","261":"A","262":"F","263":"l","264":"B","265":",","266":"Q","267":"A","268":"A","269":"Q","270":",","271":"C","272":"A","273":"A","274":"C","275":",","276":"C","277":"A","278":"A","279":"C","280":";","281":"I","282":"A","283":"G","284":"V","285":",","286":"I","287":"A","288":"A","289":"I","290":",","291":"O","292":"A","293":"A","294":"O","295":",","296":"G","297":"A","298":"A","299":"G","300":",","301":"C","302":"A","303":"A","304":"C","305":",","306":"C","307":"A","308":"A","309":"C","310":",","311":"E","312":"A","313":"A","314":"E","315":",","316":"K","317":"A","318":"A","319":"K","320":",","321":"C","322":"A","323":"A","324":"C","325":",","326":"G","327":"A","328":"A","329":"G","330":",","331":"E","332":"A","333":"A","334":"E","335":",","336":"E","337":"A","338":"A","339":"E","340":",","341":"C","342":"A","343":"A","344":"C","345":";","346":"I","347":"A","348":"C","349":"h","350":"C","351":",","352":"I","353":"A","354":"A","355":"I","356":",","357":"I","358":"A","359":"A","360":"I","361":",","362":"G","363":"A","364":"A","365":"G","366":",","367":"M","368":"A","369":"A","370":"M","371":";","372":"I","373":"A","374":"C","375":"j","376":"B","377":",","378":"I","379":"A","380":"A","381":"I","382":",","383":"O","384":"A","385":"A","386":"O","387":",","388":"G","389":"A","390":"A","391":"G","392":",","393":"Y","394":"A","395":"A","396":"Y","397":";","398":"M","399":"A","400":"C","401":"t","402":"B","403":",","404":"I","405":"A","406":"A","407":"I","408":",","409":"S","410":"A","411":"A","412":"S","413":",","414":"G","415":"A","416":"A","417":"G","418":",","419":"O","420":"A","421":"A","422":"O","423":",","424":"C","425":"A","426":"A","427":"C","428":",","429":"K","430":"A","431":"A","432":"K","433":",","434":"C","435":"A","436":"A","437":"C","438":",","439":"I","440":"A","441":"A","442":"I","443":",","444":"C","445":"A","446":"A","447":"C","448":",","449":"C","450":"A","451":"A","452":"C","453":";","454":"M","455":"A","456":"C","457":"p","458":"C","459":",","460":"I","461":"A","462":"A","463":"I","464":",","465":"S","466":"A","467":"A","468":"S","469":",","470":"E","471":"A","472":"A","473":"E","474":";","475":"Q","476":"A","477":"C","478":"X","479":",","480":"I","481":"A","482":"A","483":"I","484":",","485":"C","486":"A","487":"A","488":"C","489":",","490":"U","491":"A","492":"A","493":"U","494":",","495":"E","496":"A","497":"A","498":"E","499":",","500":"S","501":"A","502":"A","503":"S","504":",","505":"C","506":"A","507":"A","508":"C","509":";","510":"Q","511":"A","512":"C","513":"3","514":"B","515":",","516":"O","517":"A","518":"A","519":"O","520":",","521":"C","522":"A","523":"A","524":"C","525":",","526":"K","527":"A","528":"A","529":"K","530":",","531":"G","532":"A","533":"A","534":"G","535":",","536":"E","537":"A","538":"A","539":"E","540":";","541":"M","542":"A","543":"C","544":"t","545":"B","546":";","547":"I","548":"A","549":"C","550":"J","551":",","552":"C","553":"A","554":"A","555":"C","556":";","557":"I","558":"A","559":"C","560":"D","561":",","562":"I","563":"A","564":"A","565":"I","566":",","567":"Y","568":"A","569":"A","570":"Y","571":",","572":"G","573":"A","574":"A","575":"G","576":";","577":"M","578":"A","579":"A","580":"E","581":",","582":"O","583":"A","584":"A","585":"O","586":",","587":"E","588":"A","589":"A","590":"E","591":",","592":"O","593":"A","594":"A","595":"O","596":";","597":"M","598":"A","599":"A","600":"E","601":",","602":"I","603":"A","604":"A","605":"I","606":",","607":"E","608":"A","609":"A","610":"E","611":",","612":"I","613":"A","614":"A","615":"I","616":";","617":"M","618":"A","619":"A","620":"E","621":",","622":"O","623":"A","624":"A","625":"O","626":",","627":"E","628":"A","629":"A","630":"E","631":";","632":"I","633":"A","634":"A","635":"Q","636":",","637":"C","638":"A","639":"A","640":"C","641":"\"","642":",","643":"\"","644":"f","645":"i","646":"l","647":"e","648":"\"","649":":","650":"\"","651":"C","652":":","653":"\\","654":"\\","655":"U","656":"s","657":"e","658":"r","659":"s","660":"\\","661":"\\","662":"A","663":"d","664":"m","665":"i","666":"n","667":"\\","668":"\\","669":"D","670":"o","671":"c","672":"u","673":"m","674":"e","675":"n","676":"t","677":"s","678":"\\","679":"\\","680":"D","681":"e","682":"v","683":"-","684":"w","685":"o","686":"r","687":"k","688":"\\","689":"\\","690":"a","691":"s","692":"s","693":"e","694":"s","695":"m","696":"e","697":"n","698":"t","699":"s","700":"\\","701":"\\","702":"n","703":"u","704":"x","705":"t","706":"j","707":"s","708":"-","709":"a","710":"s","711":"s","712":"e","713":"s","714":"m","715":"e","716":"n","717":"t","718":"\\","719":"\\","720":"c","721":"o","722":"m","723":"p","724":"o","725":"n","726":"e","727":"n","728":"t","729":"s","730":"\\","731":"\\","732":"A","733":"d","734":"d","735":"T","736":"a","737":"s","738":"k","739":".","740":"v","741":"u","742":"e","743":"\"","744":",","745":"\"","746":"s","747":"o","748":"u","749":"r","750":"c","751":"e","752":"s","753":"C","754":"o","755":"n","756":"t","757":"e","758":"n","759":"t","760":"\"","761":":","762":"[","763":"\"","764":"<","765":"t","766":"e","767":"m","768":"p","769":"l","770":"a","771":"t","772":"e","773":">","774":"\\","775":"r","776":"\\","777":"n","778":" ","779":" ","780":"<","781":"d","782":"i","783":"v","784":" ","785":"c","786":"l","787":"a","788":"s","789":"s","790":"=","791":"\\","792":"\"","793":"c","794":"r","795":"e","796":"a","797":"t","798":"e","799":"-","800":"n","801":"e","802":"w","803":"\\","804":"\"","805":">","806":"\\","807":"r","808":"\\","809":"n","810":" ","811":" ","812":" ","813":" ","814":"<","815":"i","816":"n","817":"p","818":"u","819":"t","820":" ","821":"v","822":"-","823":"m","824":"o","825":"d","826":"e","827":"l","828":"=","829":"\\","830":"\"","831":"n","832":"e","833":"w","834":"T","835":"a","836":"s","837":"k","838":"\\","839":"\"","840":" ","841":"t","842":"y","843":"p","844":"e","845":"=","846":"\\","847":"\"","848":"t","849":"e","850":"x","851":"t","852":"\\","853":"\"","854":" ","855":"p","856":"l","857":"a","858":"c","859":"e","860":"h","861":"o","862":"l","863":"d","864":"e","865":"r","866":"=","867":"\\","868":"\"","869":"A","870":"ñ","871":"a","872":"d","873":"e","874":" ","875":"u","876":"n","877":"a","878":" ","879":"n","880":"u","881":"e","882":"v","883":"a","884":" ","885":"t","886":"a","887":"r","888":"e","889":"a","890":".","891":".","892":".","893":"\\","894":"\"","895":" ","896":"@","897":"k","898":"e","899":"y","900":"p","901":"r","902":"e","903":"s","904":"s","905":".","906":"e","907":"n","908":"t","909":"e","910":"r","911":"=","912":"\\","913":"\"","914":"a","915":"d","916":"d","917":"T","918":"a","919":"s","920":"k","921":"\\","922":"\"","923":" ","924":"/","925":">","926":"\\","927":"r","928":"\\","929":"n","930":" ","931":" ","932":" ","933":" ","934":"<","935":"b","936":"u","937":"t","938":"t","939":"o","940":"n","941":" ","942":"@","943":"c","944":"l","945":"i","946":"c","947":"k","948":"=","949":"\\","950":"\"","951":"a","952":"d","953":"d","954":"T","955":"a","956":"s","957":"k","958":"\\","959":"\"","960":">","961":"A","962":"ñ","963":"a","964":"d","965":"i","966":"r","967":" ","968":"T","969":"a","970":"r","971":"e","972":"a","973":"<","974":"/","975":"b","976":"u","977":"t","978":"t","979":"o","980":"n","981":">","982":"\\","983":"r","984":"\\","985":"n","986":" ","987":" ","988":"<","989":"/","990":"d","991":"i","992":"v","993":">","994":"\\","995":"r","996":"\\","997":"n","998":"<","999":"/","1000":"t","1001":"e","1002":"m","1003":"p","1004":"l","1005":"a","1006":"t","1007":"e","1008":">","1009":"\\","1010":"r","1011":"\\","1012":"n","1013":"\\","1014":"r","1015":"\\","1016":"n","1017":"<","1018":"s","1019":"c","1020":"r","1021":"i","1022":"p","1023":"t","1024":" ","1025":"l","1026":"a","1027":"n","1028":"g","1029":"=","1030":"\\","1031":"\"","1032":"t","1033":"s","1034":"\\","1035":"\"","1036":" ","1037":"s","1038":"e","1039":"t","1040":"u","1041":"p","1042":">","1043":"\\","1044":"r","1045":"\\","1046":"n","1047":"i","1048":"m","1049":"p","1050":"o","1051":"r","1052":"t","1053":" ","1054":"{","1055":" ","1056":"r","1057":"e","1058":"f","1059":" ","1060":"}","1061":" ","1062":"f","1063":"r","1064":"o","1065":"m","1066":" ","1067":"'","1068":"v","1069":"u","1070":"e","1071":"'","1072":";","1073":"\\","1074":"r","1075":"\\","1076":"n","1077":"\\","1078":"r","1079":"\\","1080":"n","1081":"c","1082":"o","1083":"n","1084":"s","1085":"t","1086":" ","1087":"n","1088":"e","1089":"w","1090":"T","1091":"a","1092":"s","1093":"k","1094":" ","1095":"=","1096":" ","1097":"r","1098":"e","1099":"f","1100":"<","1101":"s","1102":"t","1103":"r","1104":"i","1105":"n","1106":"g","1107":">","1108":"(","1109":"'","1110":"'","1111":")","1112":";","1113":"\\","1114":"r","1115":"\\","1116":"n","1117":"c","1118":"o","1119":"n","1120":"s","1121":"t","1122":" ","1123":"e","1124":"m","1125":"i","1126":"t","1127":" ","1128":"=","1129":" ","1130":"d","1131":"e","1132":"f","1133":"i","1134":"n","1135":"e","1136":"E","1137":"m","1138":"i","1139":"t","1140":"s","1141":"(","1142":"[","1143":"'","1144":"a","1145":"d","1146":"d","1147":"-","1148":"t","1149":"a","1150":"s","1151":"k","1152":"'","1153":"]","1154":")","1155":";","1156":"\\","1157":"r","1158":"\\","1159":"n","1160":"\\","1161":"r","1162":"\\","1163":"n","1164":"c","1165":"o","1166":"n","1167":"s","1168":"t","1169":" ","1170":"a","1171":"d","1172":"d","1173":"T","1174":"a","1175":"s","1176":"k","1177":" ","1178":"=","1179":" ","1180":"(","1181":")","1182":" ","1183":"=","1184":">","1185":" ","1186":"{","1187":"\\","1188":"r","1189":"\\","1190":"n","1191":" ","1192":" ","1193":"c","1194":"o","1195":"n","1196":"s","1197":"t","1198":" ","1199":"t","1200":"a","1201":"s","1202":"k","1203":"V","1204":"a","1205":"l","1206":"u","1207":"e","1208":" ","1209":"=","1210":" ","1211":"n","1212":"e","1213":"w","1214":"T","1215":"a","1216":"s","1217":"k","1218":".","1219":"v","1220":"a","1221":"l","1222":"u","1223":"e","1224":".","1225":"t","1226":"r","1227":"i","1228":"m","1229":"(","1230":")","1231":";","1232":"\\","1233":"r","1234":"\\","1235":"n","1236":" ","1237":" ","1238":"i","1239":"f","1240":" ","1241":"(","1242":"t","1243":"a","1244":"s","1245":"k","1246":"V","1247":"a","1248":"l","1249":"u","1250":"e","1251":")","1252":" ","1253":"{","1254":"\\","1255":"r","1256":"\\","1257":"n","1258":" ","1259":" ","1260":" ","1261":" ","1262":"e","1263":"m","1264":"i","1265":"t","1266":"(","1267":"'","1268":"a","1269":"d","1270":"d","1271":"-","1272":"t","1273":"a","1274":"s","1275":"k","1276":"'","1277":",","1278":" ","1279":"t","1280":"a","1281":"s","1282":"k","1283":"V","1284":"a","1285":"l","1286":"u","1287":"e","1288":")","1289":";","1290":"\\","1291":"r","1292":"\\","1293":"n","1294":" ","1295":" ","1296":" ","1297":" ","1298":"n","1299":"e","1300":"w","1301":"T","1302":"a","1303":"s","1304":"k","1305":".","1306":"v","1307":"a","1308":"l","1309":"u","1310":"e","1311":" ","1312":"=","1313":" ","1314":"'","1315":"'","1316":";","1317":"\\","1318":"r","1319":"\\","1320":"n","1321":" ","1322":" ","1323":"}","1324":"\\","1325":"r","1326":"\\","1327":"n","1328":"}","1329":";","1330":"\\","1331":"r","1332":"\\","1333":"n","1334":"<","1335":"/","1336":"s","1337":"c","1338":"r","1339":"i","1340":"p","1341":"t","1342":">","1343":"\"","1344":"]","1345":"}"}}
,"C:\\Users\\Admin\\Documents\\Dev-work\\assesments\\nuxtjs-assesment\\components\\TaskList.vue": {"path":"C:\\Users\\Admin\\Documents\\Dev-work\\assesments\\nuxtjs-assesment\\components\\TaskList.vue","statementMap":{"0":{"start":{"line":3,"column":0},"end":{"line":5,"column":3}},"1":{"start":{"line":6,"column":12},"end":{"line":6,"column":26}},"2":{"start":{"line":7,"column":0},"end":{"line":38,"column":3}},"3":{"start":{"line":17,"column":19},"end":{"line":17,"column":28}},"4":{"start":{"line":18,"column":15},"end":{"line":18,"column":22}},"5":{"start":{"line":19,"column":4},"end":{"line":19,"column":15}},"6":{"start":{"line":20,"column":15},"end":{"line":20,"column":21}},"7":{"start":{"line":21,"column":23},"end":{"line":23,"column":5}},"8":{"start":{"line":22,"column":6},"end":{"line":22,"column":31}},"9":{"start":{"line":24,"column":21},"end":{"line":26,"column":5}},"10":{"start":{"line":25,"column":6},"end":{"line":25,"column":29}},"11":{"start":{"line":27,"column":23},"end":{"line":31,"column":5}},"12":{"start":{"line":32,"column":4},"end":{"line":35,"column":7}},"13":{"start":{"line":36,"column":4},"end":{"line":36,"column":24}},"14":{"start":{"line":40,"column":0},"end":{"line":40,"column":62}},"15":{"start":{"line":41,"column":0},"end":{"line":41,"column":24}},"16":{"start":{"line":42,"column":12},"end":{"line":42,"column":26}},"17":{"start":{"line":43,"column":17},"end":{"line":43,"column":35}},"18":{"start":{"line":44,"column":17},"end":{"line":44,"column":37}},"19":{"start":{"line":45,"column":17},"end":{"line":45,"column":37}},"20":{"start":{"line":46,"column":17},"end":{"line":46,"column":28}},"21":{"start":{"line":47,"column":17},"end":{"line":47,"column":28}},"22":{"start":{"line":49,"column":4},"end":{"line":71,"column":8}},"23":{"start":{"line":51,"column":12},"end":{"line":69,"column":16}},"24":{"start":{"line":61,"column":57},"end":{"line":61,"column":95}},"25":{"start":{"line":64,"column":57},"end":{"line":64,"column":93}},"26":{"start":{"line":73,"column":0},"end":{"line":73,"column":24}},"27":{"start":{"line":74,"column":1},"end":{"line":74,"column":48}}},"fnMap":{"0":{"name":"(anonymous_0)","decl":{"start":{"line":16,"column":9},"end":{"line":16,"column":10}},"loc":{"start":{"line":16,"column":32},"end":{"line":37,"column":3}},"line":16},"1":{"name":"(anonymous_1)","decl":{"start":{"line":21,"column":23},"end":{"line":21,"column":24}},"loc":{"start":{"line":21,"column":37},"end":{"line":23,"column":5}},"line":21},"2":{"name":"(anonymous_2)","decl":{"start":{"line":24,"column":21},"end":{"line":24,"column":22}},"loc":{"start":{"line":24,"column":35},"end":{"line":26,"column":5}},"line":24},"3":{"name":"render","decl":{"start":{"line":48,"column":9},"end":{"line":48,"column":15}},"loc":{"start":{"line":48,"column":63},"end":{"line":72,"column":1}},"line":48},"4":{"name":"(anonymous_4)","decl":{"start":{"line":50,"column":125},"end":{"line":50,"column":126}},"loc":{"start":{"line":50,"column":141},"end":{"line":70,"column":9}},"line":50},"5":{"name":"(anonymous_5)","decl":{"start":{"line":61,"column":37},"end":{"line":61,"column":38}},"loc":{"start":{"line":61,"column":55},"end":{"line":61,"column":97}},"line":61},"6":{"name":"(anonymous_6)","decl":{"start":{"line":64,"column":37},"end":{"line":64,"column":38}},"loc":{"start":{"line":64,"column":55},"end":{"line":64,"column":95}},"line":64}},"branchMap":{"0":{"loc":{"start":{"line":56,"column":68},"end":{"line":56,"column":103}},"type":"cond-expr","locations":[{"start":{"line":56,"column":85},"end":{"line":56,"column":98}},{"start":{"line":56,"column":101},"end":{"line":56,"column":103}}],"line":56},"1":{"loc":{"start":{"line":62,"column":54},"end":{"line":62,"column":95}},"type":"cond-expr","locations":[{"start":{"line":62,"column":71},"end":{"line":62,"column":81}},{"start":{"line":62,"column":84},"end":{"line":62,"column":95}}],"line":62}},"s":{"0":0,"1":0,"2":0,"3":0,"4":0,"5":0,"6":0,"7":0,"8":0,"9":0,"10":0,"11":0,"12":0,"13":0,"14":0,"15":0,"16":0,"17":0,"18":0,"19":0,"20":0,"21":0,"22":0,"23":0,"24":0,"25":0,"26":0,"27":0},"f":{"0":0,"1":0,"2":0,"3":0,"4":0,"5":0,"6":0},"b":{"0":[0,0],"1":[0,0]},"inputSourceMap":{"0":"{","1":"\"","2":"v","3":"e","4":"r","5":"s","6":"i","7":"o","8":"n","9":"\"","10":":","11":"3","12":",","13":"\"","14":"s","15":"o","16":"u","17":"r","18":"c","19":"e","20":"s","21":"\"","22":":","23":"[","24":"\"","25":"C","26":":","27":"/","28":"U","29":"s","30":"e","31":"r","32":"s","33":"/","34":"A","35":"d","36":"m","37":"i","38":"n","39":"/","40":"D","41":"o","42":"c","43":"u","44":"m","45":"e","46":"n","47":"t","48":"s","49":"/","50":"D","51":"e","52":"v","53":"-","54":"w","55":"o","56":"r","57":"k","58":"/","59":"a","60":"s","61":"s","62":"e","63":"s","64":"m","65":"e","66":"n","67":"t","68":"s","69":"/","70":"n","71":"u","72":"x","73":"t","74":"j","75":"s","76":"-","77":"a","78":"s","79":"s","80":"e","81":"s","82":"m","83":"e","84":"n","85":"t","86":"/","87":"c","88":"o","89":"m","90":"p","91":"o","92":"n","93":"e","94":"n","95":"t","96":"s","97":"/","98":"T","99":"a","100":"s","101":"k","102":"L","103":"i","104":"s","105":"t","106":".","107":"v","108":"u","109":"e","110":"\"","111":"]","112":",","113":"\"","114":"n","115":"a","116":"m","117":"e","118":"s","119":"\"","120":":","121":"[","122":"]","123":",","124":"\"","125":"m","126":"a","127":"p","128":"p","129":"i","130":"n","131":"g","132":"s","133":"\"","134":":","135":"\"","136":";","137":";","138":"A","139":"A","140":"e","141":"A","142":",","143":"M","144":"A","145":"A","146":"M","147":",","148":"C","149":"A","150":"A","151":"C","152":",","153":"c","154":"A","155":"A","156":"c","157":",","158":"C","159":"A","160":"A","161":"C","162":",","163":"O","164":"A","165":"A","166":"O","167":",","168":"E","169":"A","170":"A","171":"E","172":",","173":"Y","174":"A","175":"A","176":"Y","177":",","178":"E","179":"A","180":"A","181":"E","182":";","183":"E","184":"A","185":"A","186":"E","187":",","188":"K","189":"A","190":"A","191":"K","192":",","193":"E","194":"A","195":"A","196":"E","197":";","198":"A","199":"A","200":"A","201":"K","202":",","203":"C","204":"A","205":"A","206":"C","207":",","208":"C","209":"A","210":"A","211":"C","212":";","213":"A","214":"A","215":"C","216":"7","217":"D","218":",","219":"I","220":"A","221":"A","222":"I","223":",","224":"K","225":"A","226":"A","227":"K","228":",","229":"G","230":"A","231":"A","232":"G","233":",","234":"O","235":"A","236":"A","237":"O","238":",","239":"C","240":"A","241":"A","242":"C","243":",","244":"K","245":"A","246":"A","247":"K","248":",","249":"C","250":"A","251":"A","252":"C","253":";","254":";","255":";","256":";","257":";","258":";","259":";","260":";","261":";","262":";","263":";","264":";","265":";","266":";","267":"I","268":"A","269":"F","270":"l","271":"B","272":",","273":"I","274":"A","275":"A","276":"I","277":",","278":"I","279":"A","280":"A","281":"I","282":",","283":"G","284":"A","285":"A","286":"G","287":",","288":"M","289":"A","290":"A","291":"M","292":";","293":"I","294":"A","295":"Q","296":"j","297":"B","298":",","299":"I","300":"A","301":"A","302":"I","303":",","304":"Y","305":"A","306":"A","307":"Y","308":",","309":"G","310":"A","311":"A","312":"G","313":",","314":"U","315":"A","316":"A","317":"U","318":",","319":"E","320":"A","321":"A","322":"E","323":",","324":"E","325":"A","326":"A","327":"E","328":";","329":"M","330":"A","331":"C","332":"7","333":"B","334":",","335":"I","336":"A","337":"A","338":"I","339":",","340":"C","341":"A","342":"A","343":"C","344":",","345":"c","346":"A","347":"A","348":"c","349":",","350":"E","351":"A","352":"A","353":"E","354":",","355":"E","356":"A","357":"A","358":"E","359":",","360":"C","361":"A","362":"A","363":"C","364":";","365":"I","366":"A","367":"C","368":"5","369":"B","370":",","371":"C","372":"A","373":"A","374":"C","375":";","376":"I","377":"A","378":"C","379":"D","380":",","381":"I","382":"A","383":"A","384":"I","385":",","386":"U","387":"A","388":"A","389":"U","390":",","391":"G","392":"A","393":"A","394":"G","395":",","396":"U","397":"A","398":"A","399":"U","400":",","401":"E","402":"A","403":"A","404":"E","405":",","406":"E","407":"A","408":"A","409":"E","410":";","411":"M","412":"A","413":"C","414":"3","415":"B","416":",","417":"I","418":"A","419":"A","420":"I","421":",","422":"C","423":"A","424":"A","425":"C","426":",","427":"Y","428":"A","429":"A","430":"Y","431":",","432":"E","433":"A","434":"A","435":"E","436":",","437":"E","438":"A","439":"A","440":"E","441":",","442":"C","443":"A","444":"A","445":"C","446":";","447":"I","448":"A","449":"C","450":"1","451":"B","452":",","453":"C","454":"A","455":"A","456":"C","457":";","458":"I","459":"A","460":"C","461":"D","462":",","463":"I","464":"A","465":"A","466":"I","467":",","468":"Y","469":"A","470":"A","471":"Y","472":",","473":"G","474":"A","475":"A","476":"G","477":";","478":"M","479":"A","480":"A","481":"E","482":",","483":"I","484":"A","485":"A","486":"I","487":",","488":"E","489":"A","490":"A","491":"E","492":",","493":"I","494":"A","495":"A","496":"I","497":";","498":"M","499":"A","500":"A","501":"E","502":",","503":"Y","504":"A","505":"A","506":"Y","507":",","508":"E","509":"A","510":"A","511":"E","512":",","513":"Y","514":"A","515":"A","516":"Y","517":";","518":"M","519":"A","520":"A","521":"E","522":",","523":"U","524":"A","525":"A","526":"U","527":",","528":"E","529":"A","530":"A","531":"E","532":";","533":"I","534":"A","535":"A","536":"W","537":",","538":"C","539":"A","540":"A","541":"C","542":";","543":"I","544":"A","545":"C","546":"r","547":"F","548":",","549":"M","550":"A","551":"A","552":"M","553":",","554":"C","555":"A","556":"A","557":"C","558":",","559":"c","560":"A","561":"A","562":"c","563":",","564":"C","565":"A","566":"A","567":"C","568":",","569":"Y","570":"A","571":"A","572":"Y","573":",","574":"E","575":"A","576":"A","577":"E","578":",","579":"i","580":"B","581":"A","582":"A","583":"i","584":"B","585":",","586":"E","587":"A","588":"A","589":"E","590":";","591":"M","592":"A","593":"A","594":"E","595":",","596":"U","597":"A","598":"A","599":"U","600":",","601":"E","602":"A","603":"A","604":"E","605":",","606":"K","607":"A","608":"A","609":"K","610":";","611":"M","612":"A","613":"A","614":"E","615":",","616":"K","617":"A","618":"A","619":"K","620":",","621":"E","622":"A","623":"A","624":"E","625":";","626":"I","627":"A","628":"A","629":"K","630":",","631":"C","632":"A","633":"A","634":"C","635":",","636":"C","637":"A","638":"A","639":"C","640":";","641":"I","642":"A","643":"C","644":"1","645":"F","646":",","647":"O","648":"A","649":"A","650":"O","651":",","652":"Y","653":"A","654":"A","655":"Y","656":";","657":"E","658":"A","659":"C","660":"v","661":"B","662":";","663":"A","664":"A","665":"C","666":"J","667":",","668":"C","669":"A","670":"A","671":"C","672":",","673":"C","674":"A","675":"A","676":"C","677":"\"","678":",","679":"\"","680":"f","681":"i","682":"l","683":"e","684":"\"","685":":","686":"\"","687":"C","688":":","689":"\\","690":"\\","691":"U","692":"s","693":"e","694":"r","695":"s","696":"\\","697":"\\","698":"A","699":"d","700":"m","701":"i","702":"n","703":"\\","704":"\\","705":"D","706":"o","707":"c","708":"u","709":"m","710":"e","711":"n","712":"t","713":"s","714":"\\","715":"\\","716":"D","717":"e","718":"v","719":"-","720":"w","721":"o","722":"r","723":"k","724":"\\","725":"\\","726":"a","727":"s","728":"s","729":"e","730":"s","731":"m","732":"e","733":"n","734":"t","735":"s","736":"\\","737":"\\","738":"n","739":"u","740":"x","741":"t","742":"j","743":"s","744":"-","745":"a","746":"s","747":"s","748":"e","749":"s","750":"m","751":"e","752":"n","753":"t","754":"\\","755":"\\","756":"c","757":"o","758":"m","759":"p","760":"o","761":"n","762":"e","763":"n","764":"t","765":"s","766":"\\","767":"\\","768":"T","769":"a","770":"s","771":"k","772":"L","773":"i","774":"s","775":"t","776":".","777":"v","778":"u","779":"e","780":"\"","781":",","782":"\"","783":"s","784":"o","785":"u","786":"r","787":"c","788":"e","789":"s","790":"C","791":"o","792":"n","793":"t","794":"e","795":"n","796":"t","797":"\"","798":":","799":"[","800":"\"","801":"<","802":"t","803":"e","804":"m","805":"p","806":"l","807":"a","808":"t","809":"e","810":">","811":"\\","812":"n","813":" ","814":" ","815":"<","816":"s","817":"e","818":"c","819":"t","820":"i","821":"o","822":"n","823":" ","824":"c","825":"l","826":"a","827":"s","828":"s","829":"=","830":"\\","831":"\"","832":"t","833":"a","834":"s","835":"k","836":"s","837":"\\","838":"\"","839":">","840":"\\","841":"n","842":" ","843":" ","844":" ","845":" ","846":"<","847":"d","848":"i","849":"v","850":" ","851":"v","852":"-","853":"f","854":"o","855":"r","856":"=","857":"\\","858":"\"","859":"t","860":"a","861":"s","862":"k","863":" ","864":"i","865":"n","866":" ","867":"t","868":"a","869":"s","870":"k","871":"s","872":"\\","873":"\"","874":" ","875":":","876":"k","877":"e","878":"y","879":"=","880":"\\","881":"\"","882":"t","883":"a","884":"s","885":"k","886":".","887":"i","888":"d","889":"\\","890":"\"","891":" ","892":"c","893":"l","894":"a","895":"s","896":"s","897":"=","898":"\\","899":"\"","900":"t","901":"a","902":"s","903":"k","904":"-","905":"i","906":"t","907":"e","908":"m","909":"\\","910":"\"","911":">","912":"\\","913":"n","914":" ","915":" ","916":" ","917":" ","918":" ","919":" ","920":"<","921":"a","922":"r","923":"t","924":"i","925":"c","926":"l","927":"e","928":" ","929":":","930":"c","931":"l","932":"a","933":"s","934":"s","935":"=","936":"\\","937":"\"","938":"`","939":"t","940":"a","941":"s","942":"k","943":" ","944":"$","945":"{","946":"t","947":"a","948":"s","949":"k","950":".","951":"c","952":"o","953":"m","954":"p","955":"l","956":"e","957":"t","958":"e","959":"d","960":" ","961":"?","962":" ","963":"'","964":"i","965":"s","966":"-","967":"c","968":"o","969":"m","970":"p","971":"l","972":"e","973":"t","974":"e","975":"'","976":" ","977":":","978":" ","979":"'","980":"'","981":"}","982":"`","983":"\\","984":"\"","985":">","986":"\\","987":"n","988":" ","989":" ","990":" ","991":" ","992":" ","993":" ","994":" ","995":" ","996":"<","997":"d","998":"i","999":"v","1000":" ","1001":"c","1002":"l","1003":"a","1004":"s","1005":"s","1006":"=","1007":"\\","1008":"\"","1009":"c","1010":"o","1011":"n","1012":"t","1013":"e","1014":"n","1015":"t","1016":"\\","1017":"\"","1018":">","1019":"{","1020":"{","1021":" ","1022":"t","1023":"a","1024":"s","1025":"k","1026":".","1027":"n","1028":"a","1029":"m","1030":"e","1031":" ","1032":"}","1033":"}","1034":"<","1035":"/","1036":"d","1037":"i","1038":"v","1039":">","1040":"\\","1041":"n","1042":" ","1043":" ","1044":" ","1045":" ","1046":" ","1047":" ","1048":" ","1049":" ","1050":"<","1051":"d","1052":"i","1053":"v","1054":" ","1055":"c","1056":"l","1057":"a","1058":"s","1059":"s","1060":"=","1061":"\\","1062":"\"","1063":"b","1064":"u","1065":"t","1066":"t","1067":"o","1068":"n","1069":"s","1070":"\\","1071":"\"","1072":">","1073":"\\","1074":"n","1075":" ","1076":" ","1077":" ","1078":" ","1079":" ","1080":" ","1081":" ","1082":" ","1083":" ","1084":" ","1085":" ","1086":" ","1087":"<","1088":"b","1089":"u","1090":"t","1091":"t","1092":"o","1093":"n","1094":" ","1095":"@","1096":"c","1097":"l","1098":"i","1099":"c","1100":"k","1101":"=","1102":"\\","1103":"\"","1104":"c","1105":"o","1106":"m","1107":"p","1108":"l","1109":"e","1110":"t","1111":"e","1112":"T","1113":"a","1114":"s","1115":"k","1116":"(","1117":"t","1118":"a","1119":"s","1120":"k","1121":".","1122":"i","1123":"d","1124":")","1125":"\\","1126":"\"","1127":">","1128":"{","1129":"{","1130":" ","1131":"t","1132":"a","1133":"s","1134":"k","1135":".","1136":"c","1137":"o","1138":"m","1139":"p","1140":"l","1141":"e","1142":"t","1143":"e","1144":"d","1145":" ","1146":"?","1147":" ","1148":"'","1149":"D","1150":"e","1151":"s","1152":"h","1153":"a","1154":"c","1155":"e","1156":"r","1157":"'","1158":" ","1159":":","1160":" ","1161":"'","1162":"C","1163":"o","1164":"m","1165":"p","1166":"l","1167":"e","1168":"t","1169":"a","1170":"r","1171":"'","1172":" ","1173":"}","1174":"}","1175":"<","1176":"/","1177":"b","1178":"u","1179":"t","1180":"t","1181":"o","1182":"n","1183":">","1184":"\\","1185":"n","1186":" ","1187":" ","1188":" ","1189":" ","1190":" ","1191":" ","1192":" ","1193":" ","1194":" ","1195":" ","1196":" ","1197":" ","1198":"<","1199":"b","1200":"u","1201":"t","1202":"t","1203":"o","1204":"n","1205":" ","1206":"@","1207":"c","1208":"l","1209":"i","1210":"c","1211":"k","1212":"=","1213":"\\","1214":"\"","1215":"d","1216":"e","1217":"l","1218":"e","1219":"t","1220":"e","1221":"T","1222":"a","1223":"s","1224":"k","1225":"(","1226":"t","1227":"a","1228":"s","1229":"k","1230":".","1231":"i","1232":"d","1233":")","1234":"\\","1235":"\"","1236":" ","1237":"c","1238":"l","1239":"a","1240":"s","1241":"s","1242":"=","1243":"\\","1244":"\"","1245":"d","1246":"e","1247":"l","1248":"e","1249":"t","1250":"e","1251":"\\","1252":"\"","1253":">","1254":"E","1255":"l","1256":"i","1257":"m","1258":"i","1259":"n","1260":"a","1261":"r","1262":"<","1263":"/","1264":"b","1265":"u","1266":"t","1267":"t","1268":"o","1269":"n","1270":">","1271":"\\","1272":"n","1273":" ","1274":" ","1275":" ","1276":" ","1277":" ","1278":" ","1279":" ","1280":" ","1281":"<","1282":"/","1283":"d","1284":"i","1285":"v","1286":">","1287":"\\","1288":"n","1289":" ","1290":" ","1291":" ","1292":" ","1293":" ","1294":" ","1295":"<","1296":"/","1297":"a","1298":"r","1299":"t","1300":"i","1301":"c","1302":"l","1303":"e","1304":">","1305":"\\","1306":"n","1307":" ","1308":" ","1309":" ","1310":" ","1311":"<","1312":"/","1313":"d","1314":"i","1315":"v","1316":">","1317":"\\","1318":"n","1319":" ","1320":" ","1321":"<","1322":"/","1323":"s","1324":"e","1325":"c","1326":"t","1327":"i","1328":"o","1329":"n","1330":">","1331":"\\","1332":"n","1333":"<","1334":"/","1335":"t","1336":"e","1337":"m","1338":"p","1339":"l","1340":"a","1341":"t","1342":"e","1343":">","1344":"\\","1345":"n","1346":"\\","1347":"n","1348":"<","1349":"s","1350":"c","1351":"r","1352":"i","1353":"p","1354":"t","1355":" ","1356":"l","1357":"a","1358":"n","1359":"g","1360":"=","1361":"\\","1362":"\"","1363":"t","1364":"s","1365":"\\","1366":"\"","1367":" ","1368":"s","1369":"e","1370":"t","1371":"u","1372":"p","1373":">","1374":"\\","1375":"n","1376":"i","1377":"m","1378":"p","1379":"o","1380":"r","1381":"t","1382":" ","1383":"t","1384":"y","1385":"p","1386":"e","1387":" ","1388":"{","1389":" ","1390":"T","1391":"a","1392":"s","1393":"k","1394":" ","1395":"}","1396":" ","1397":"f","1398":"r","1399":"o","1400":"m","1401":" ","1402":"'","1403":"@","1404":"/","1405":"i","1406":"n","1407":"t","1408":"e","1409":"r","1410":"f","1411":"a","1412":"c","1413":"e","1414":"s","1415":"/","1416":"t","1417":"a","1418":"s","1419":"k","1420":"s","1421":"'","1422":";","1423":"\\","1424":"n","1425":"\\","1426":"n","1427":"d","1428":"e","1429":"f","1430":"i","1431":"n","1432":"e","1433":"P","1434":"r","1435":"o","1436":"p","1437":"s","1438":"(","1439":"{","1440":"\\","1441":"n","1442":" ","1443":" ","1444":"t","1445":"a","1446":"s","1447":"k","1448":"s","1449":":","1450":" ","1451":"{","1452":"\\","1453":"n","1454":" ","1455":" ","1456":" ","1457":" ","1458":"t","1459":"y","1460":"p","1461":"e","1462":":","1463":" ","1464":"A","1465":"r","1466":"r","1467":"a","1468":"y","1469":" ","1470":"a","1471":"s","1472":" ","1473":"P","1474":"r","1475":"o","1476":"p","1477":"T","1478":"y","1479":"p","1480":"e","1481":"<","1482":"T","1483":"a","1484":"s","1485":"k","1486":"[","1487":"]","1488":">","1489":",","1490":"\\","1491":"n","1492":" ","1493":" ","1494":" ","1495":" ","1496":"r","1497":"e","1498":"q","1499":"u","1500":"i","1501":"r","1502":"e","1503":"d","1504":":","1505":" ","1506":"t","1507":"r","1508":"u","1509":"e","1510":",","1511":"\\","1512":"n","1513":" ","1514":" ","1515":"}","1516":",","1517":"\\","1518":"n","1519":"}","1520":")","1521":";","1522":"\\","1523":"n","1524":"\\","1525":"n","1526":"c","1527":"o","1528":"n","1529":"s","1530":"t","1531":" ","1532":"e","1533":"m","1534":"i","1535":"t","1536":" ","1537":"=","1538":" ","1539":"d","1540":"e","1541":"f","1542":"i","1543":"n","1544":"e","1545":"E","1546":"m","1547":"i","1548":"t","1549":"s","1550":"(","1551":"[","1552":"'","1553":"c","1554":"o","1555":"m","1556":"p","1557":"l","1558":"e","1559":"t","1560":"e","1561":"T","1562":"a","1563":"s","1564":"k","1565":"'","1566":",","1567":" ","1568":"'","1569":"d","1570":"e","1571":"l","1572":"e","1573":"t","1574":"e","1575":"T","1576":"a","1577":"s","1578":"k","1579":"'","1580":"]","1581":")","1582":";","1583":"\\","1584":"n","1585":"\\","1586":"n","1587":"c","1588":"o","1589":"n","1590":"s","1591":"t","1592":" ","1593":"c","1594":"o","1595":"m","1596":"p","1597":"l","1598":"e","1599":"t","1600":"e","1601":"T","1602":"a","1603":"s","1604":"k","1605":" ","1606":"=","1607":" ","1608":"(","1609":"i","1610":"d","1611":":","1612":" ","1613":"n","1614":"u","1615":"m","1616":"b","1617":"e","1618":"r","1619":")","1620":" ","1621":"=","1622":">","1623":" ","1624":"{","1625":"\\","1626":"n","1627":" ","1628":" ","1629":"e","1630":"m","1631":"i","1632":"t","1633":"(","1634":"'","1635":"c","1636":"o","1637":"m","1638":"p","1639":"l","1640":"e","1641":"t","1642":"e","1643":"T","1644":"a","1645":"s","1646":"k","1647":"'","1648":",","1649":" ","1650":"i","1651":"d","1652":")","1653":";","1654":"\\","1655":"n","1656":"}","1657":";","1658":"\\","1659":"n","1660":"\\","1661":"n","1662":"c","1663":"o","1664":"n","1665":"s","1666":"t","1667":" ","1668":"d","1669":"e","1670":"l","1671":"e","1672":"t","1673":"e","1674":"T","1675":"a","1676":"s","1677":"k","1678":" ","1679":"=","1680":" ","1681":"(","1682":"i","1683":"d","1684":":","1685":" ","1686":"n","1687":"u","1688":"m","1689":"b","1690":"e","1691":"r","1692":")","1693":" ","1694":"=","1695":">","1696":" ","1697":"{","1698":"\\","1699":"n","1700":" ","1701":" ","1702":"e","1703":"m","1704":"i","1705":"t","1706":"(","1707":"'","1708":"d","1709":"e","1710":"l","1711":"e","1712":"t","1713":"e","1714":"T","1715":"a","1716":"s","1717":"k","1718":"'","1719":",","1720":" ","1721":"i","1722":"d","1723":")","1724":";","1725":"\\","1726":"n","1727":"}","1728":";","1729":"\\","1730":"n","1731":"<","1732":"/","1733":"s","1734":"c","1735":"r","1736":"i","1737":"p","1738":"t","1739":">","1740":"\"","1741":"]","1742":"}"}}
,"C:\\Users\\Admin\\Documents\\Dev-work\\assesments\\nuxtjs-assesment\\pages\\index.vue": {"path":"C:\\Users\\Admin\\Documents\\Dev-work\\assesments\\nuxtjs-assesment\\pages\\index.vue","statementMap":{"0":{"start":{"line":3,"column":22},"end":{"line":7,"column":1}},"1":{"start":{"line":4,"column":2},"end":{"line":6,"column":4}},"2":{"start":{"line":8,"column":0},"end":{"line":10,"column":3}},"3":{"start":{"line":11,"column":12},"end":{"line":11,"column":26}},"4":{"start":{"line":12,"column":14},"end":{"line":12,"column":55}},"5":{"start":{"line":13,"column":20},"end":{"line":13,"column":72}},"6":{"start":{"line":14,"column":21},"end":{"line":14,"column":74}},"7":{"start":{"line":15,"column":14},"end":{"line":15,"column":43}},"8":{"start":{"line":16,"column":0},"end":{"line":71,"column":3}},"9":{"start":{"line":19,"column":19},"end":{"line":19,"column":28}},"10":{"start":{"line":20,"column":4},"end":{"line":20,"column":15}},"11":{"start":{"line":22,"column":21},"end":{"line":22,"column":43}},"12":{"start":{"line":23,"column":13},"end":{"line":23,"column":36}},"13":{"start":{"line":24,"column":14},"end":{"line":24,"column":22}},"14":{"start":{"line":25,"column":23},"end":{"line":25,"column":40}},"15":{"start":{"line":26,"column":24},"end":{"line":26,"column":42}},"16":{"start":{"line":27,"column":21},"end":{"line":27,"column":31}},"17":{"start":{"line":28,"column":24},"end":{"line":37,"column":6}},"18":{"start":{"line":29,"column":6},"end":{"line":36,"column":7}},"19":{"start":{"line":31,"column":10},"end":{"line":31,"column":32}},"20":{"start":{"line":33,"column":10},"end":{"line":33,"column":33}},"21":{"start":{"line":35,"column":10},"end":{"line":35,"column":23}},"22":{"start":{"line":38,"column":18},"end":{"line":45,"column":5}},"23":{"start":{"line":39,"column":20},"end":{"line":43,"column":7}},"24":{"start":{"line":44,"column":6},"end":{"line":44,"column":34}},"25":{"start":{"line":46,"column":23},"end":{"line":48,"column":5}},"26":{"start":{"line":47,"column":6},"end":{"line":47,"column":38}},"27":{"start":{"line":49,"column":21},"end":{"line":51,"column":5}},"28":{"start":{"line":50,"column":6},"end":{"line":50,"column":36}},"29":{"start":{"line":52,"column":23},"end":{"line":64,"column":5}},"30":{"start":{"line":65,"column":4},"end":{"line":68,"column":7}},"31":{"start":{"line":69,"column":4},"end":{"line":69,"column":24}},"32":{"start":{"line":73,"column":0},"end":{"line":73,"column":62}},"33":{"start":{"line":74,"column":0},"end":{"line":74,"column":24}},"34":{"start":{"line":75,"column":12},"end":{"line":75,"column":26}},"35":{"start":{"line":76,"column":31},"end":{"line":76,"column":109}},"36":{"start":{"line":77,"column":31},"end":{"line":77,"column":118}},"37":{"start":{"line":78,"column":17},"end":{"line":78,"column":37}},"38":{"start":{"line":79,"column":31},"end":{"line":79,"column":127}},"39":{"start":{"line":80,"column":31},"end":{"line":83,"column":20}},"40":{"start":{"line":85,"column":4},"end":{"line":110,"column":8}},"41":{"start":{"line":93,"column":71},"end":{"line":93,"column":106}},"42":{"start":{"line":97,"column":71},"end":{"line":97,"column":112}},"43":{"start":{"line":101,"column":71},"end":{"line":101,"column":113}},"44":{"start":{"line":112,"column":0},"end":{"line":112,"column":24}},"45":{"start":{"line":113,"column":1},"end":{"line":113,"column":48}}},"fnMap":{"0":{"name":"(anonymous_0)","decl":{"start":{"line":3,"column":54},"end":{"line":3,"column":55}},"loc":{"start":{"line":3,"column":69},"end":{"line":7,"column":1}},"line":3},"1":{"name":"(anonymous_1)","decl":{"start":{"line":18,"column":9},"end":{"line":18,"column":10}},"loc":{"start":{"line":18,"column":32},"end":{"line":70,"column":3}},"line":18},"2":{"name":"(anonymous_2)","decl":{"start":{"line":28,"column":33},"end":{"line":28,"column":34}},"loc":{"start":{"line":28,"column":45},"end":{"line":37,"column":5}},"line":28},"3":{"name":"(anonymous_3)","decl":{"start":{"line":38,"column":18},"end":{"line":38,"column":19}},"loc":{"start":{"line":38,"column":42},"end":{"line":45,"column":5}},"line":38},"4":{"name":"(anonymous_4)","decl":{"start":{"line":46,"column":23},"end":{"line":46,"column":24}},"loc":{"start":{"line":46,"column":41},"end":{"line":48,"column":5}},"line":46},"5":{"name":"(anonymous_5)","decl":{"start":{"line":49,"column":21},"end":{"line":49,"column":22}},"loc":{"start":{"line":49,"column":39},"end":{"line":51,"column":5}},"line":49},"6":{"name":"render","decl":{"start":{"line":84,"column":9},"end":{"line":84,"column":15}},"loc":{"start":{"line":84,"column":63},"end":{"line":111,"column":1}},"line":84},"7":{"name":"(anonymous_7)","decl":{"start":{"line":93,"column":51},"end":{"line":93,"column":52}},"loc":{"start":{"line":93,"column":69},"end":{"line":93,"column":108}},"line":93},"8":{"name":"(anonymous_8)","decl":{"start":{"line":97,"column":51},"end":{"line":97,"column":52}},"loc":{"start":{"line":97,"column":69},"end":{"line":97,"column":114}},"line":97},"9":{"name":"(anonymous_9)","decl":{"start":{"line":101,"column":51},"end":{"line":101,"column":52}},"loc":{"start":{"line":101,"column":69},"end":{"line":101,"column":115}},"line":101}},"branchMap":{"0":{"loc":{"start":{"line":3,"column":22},"end":{"line":7,"column":1}},"type":"binary-expr","locations":[{"start":{"line":3,"column":22},"end":{"line":3,"column":26}},{"start":{"line":3,"column":30},"end":{"line":3,"column":50}},{"start":{"line":3,"column":54},"end":{"line":7,"column":1}}],"line":3},"1":{"loc":{"start":{"line":4,"column":9},"end":{"line":6,"column":3}},"type":"cond-expr","locations":[{"start":{"line":4,"column":33},"end":{"line":4,"column":36}},{"start":{"line":4,"column":39},"end":{"line":6,"column":3}}],"line":4},"2":{"loc":{"start":{"line":4,"column":9},"end":{"line":4,"column":30}},"type":"binary-expr","locations":[{"start":{"line":4,"column":9},"end":{"line":4,"column":12}},{"start":{"line":4,"column":16},"end":{"line":4,"column":30}}],"line":4},"3":{"loc":{"start":{"line":29,"column":6},"end":{"line":36,"column":7}},"type":"switch","locations":[{"start":{"line":30,"column":8},"end":{"line":31,"column":32}},{"start":{"line":32,"column":8},"end":{"line":33,"column":33}},{"start":{"line":34,"column":8},"end":{"line":35,"column":23}}],"line":29},"4":{"loc":{"start":{"line":93,"column":25},"end":{"line":93,"column":109}},"type":"binary-expr","locations":[{"start":{"line":93,"column":25},"end":{"line":93,"column":34}},{"start":{"line":93,"column":39},"end":{"line":93,"column":108}}],"line":93},"5":{"loc":{"start":{"line":97,"column":25},"end":{"line":97,"column":115}},"type":"binary-expr","locations":[{"start":{"line":97,"column":25},"end":{"line":97,"column":34}},{"start":{"line":97,"column":39},"end":{"line":97,"column":114}}],"line":97},"6":{"loc":{"start":{"line":101,"column":25},"end":{"line":101,"column":116}},"type":"binary-expr","locations":[{"start":{"line":101,"column":25},"end":{"line":101,"column":34}},{"start":{"line":101,"column":39},"end":{"line":101,"column":115}}],"line":101}},"s":{"0":0,"1":0,"2":0,"3":0,"4":0,"5":0,"6":0,"7":0,"8":0,"9":0,"10":0,"11":0,"12":0,"13":0,"14":0,"15":0,"16":0,"17":0,"18":0,"19":0,"20":0,"21":0,"22":0,"23":0,"24":0,"25":0,"26":0,"27":0,"28":0,"29":0,"30":0,"31":0,"32":0,"33":0,"34":0,"35":0,"36":0,"37":0,"38":0,"39":0,"40":0,"41":0,"42":0,"43":0,"44":0,"45":0},"f":{"0":0,"1":0,"2":0,"3":0,"4":0,"5":0,"6":0,"7":0,"8":0,"9":0},"b":{"0":[0,0,0],"1":[0,0],"2":[0,0],"3":[0,0,0],"4":[0,0],"5":[0,0],"6":[0,0]},"inputSourceMap":{"0":"{","1":"\"","2":"v","3":"e","4":"r","5":"s","6":"i","7":"o","8":"n","9":"\"","10":":","11":"3","12":",","13":"\"","14":"s","15":"o","16":"u","17":"r","18":"c","19":"e","20":"s","21":"\"","22":":","23":"[","24":"\"","25":"C","26":":","27":"/","28":"U","29":"s","30":"e","31":"r","32":"s","33":"/","34":"A","35":"d","36":"m","37":"i","38":"n","39":"/","40":"D","41":"o","42":"c","43":"u","44":"m","45":"e","46":"n","47":"t","48":"s","49":"/","50":"D","51":"e","52":"v","53":"-","54":"w","55":"o","56":"r","57":"k","58":"/","59":"a","60":"s","61":"s","62":"e","63":"s","64":"m","65":"e","66":"n","67":"t","68":"s","69":"/","70":"n","71":"u","72":"x","73":"t","74":"j","75":"s","76":"-","77":"a","78":"s","79":"s","80":"e","81":"s","82":"m","83":"e","84":"n","85":"t","86":"/","87":"p","88":"a","89":"g","90":"e","91":"s","92":"/","93":"i","94":"n","95":"d","96":"e","97":"x","98":".","99":"v","100":"u","101":"e","102":"\"","103":"]","104":",","105":"\"","106":"n","107":"a","108":"m","109":"e","110":"s","111":"\"","112":":","113":"[","114":"]","115":",","116":"\"","117":"m","118":"a","119":"p","120":"p","121":"i","122":"n","123":"g","124":"s","125":"\"","126":":","127":"\"","128":";","129":";","130":"A","131":"A","132":"w","133":"B","134":"A","135":",","136":"I","137":"A","138":"A","139":"I","140":",","141":"e","142":"A","143":"A","144":"e","145":",","146":"G","147":"A","148":"A","149":"I","150":",","151":"I","152":"A","153":"A","154":"I","155":",","156":"I","157":"A","158":"A","159":"I","160":",","161":"I","162":"A","163":"A","164":"I","165":",","166":"C","167":"A","168":"A","169":"C","170":",","171":"e","172":"A","173":"A","174":"e","175":",","176":"I","177":"A","178":"A","179":"K","180":",","181":"U","182":"A","183":"A","184":"U","185":",","186":"G","187":"A","188":"A","189":"G","190":",","191":"E","192":"A","193":"A","194":"E","195":";","196":"E","197":"A","198":"C","199":"n","200":"E","201":",","202":"O","203":"A","204":"A","205":"Q","206":",","207":"G","208":"A","209":"A","210":"G","211":",","212":"I","213":"A","214":"A","215":"I","216":",","217":"G","218":"A","219":"A","220":"G","221":",","222":"C","223":"A","224":"A","225":"C","226":",","227":"U","228":"A","229":"A","230":"U","231":",","232":"G","233":"A","234":"A","235":"I","236":",","237":"G","238":"A","239":"A","240":"G","241":",","242":"G","243":"A","244":"A","245":"G","246":";","247":"I","248":"A","249":"A","250":"E","251":",","252":"S","253":"A","254":"A","255":"S","256":",","257":"E","258":"A","259":"A","260":"E","261":";","262":"E","263":"A","264":"A","265":"I","266":",","267":"C","268":"A","269":"A","270":"C","271":";","272":"A","273":"A","274":"C","275":"7","276":"D","277":",","278":"C","279":"A","280":"A","281":"C","282":";","283":"A","284":"A","285":"C","286":"D","287":",","288":"M","289":"A","290":"A","291":"M","292":",","293":"C","294":"A","295":"A","296":"C","297":",","298":"c","299":"A","300":"A","301":"c","302":",","303":"C","304":"A","305":"A","306":"C","307":",","308":"O","309":"A","310":"A","311":"O","312":",","313":"E","314":"A","315":"A","316":"E","317":",","318":"Y","319":"A","320":"A","321":"Y","322":",","323":"E","324":"A","325":"A","326":"E","327":";","328":"E","329":"A","330":"A","331":"E","332":",","333":"K","334":"A","335":"A","336":"K","337":",","338":"E","339":"A","340":"A","341":"E","342":";","343":"A","344":"A","345":"A","346":"K","347":",","348":"C","349":"A","350":"A","351":"C","352":",","353":"C","354":"A","355":"A","356":"C","357":";","358":"A","359":"A","360":"C","361":"7","362":"D","363":",","364":"I","365":"A","366":"A","367":"I","368":",","369":"K","370":"A","371":"A","372":"K","373":",","374":"G","375":"A","376":"A","377":"G","378":",","379":"O","380":"A","381":"A","382":"O","383":",","384":"C","385":"A","386":"A","387":"C","388":",","389":"K","390":"A","391":"A","392":"K","393":",","394":"C","395":"A","396":"A","397":"C","398":";","399":";","400":";","401":";","402":";","403":";","404":"E","405":"A","406":"N","407":"t","408":"B","409":",","410":"M","411":"A","412":"A","413":"M","414":",","415":"E","416":"A","417":"A","418":"E","419":",","420":"O","421":"A","422":"A","423":"O","424":";","425":"E","426":"A","427":"C","428":"f","429":",","430":"K","431":"A","432":"A","433":"K","434":",","435":"E","436":"A","437":"A","438":"E","439":",","440":"U","441":"A","442":"A","443":"U","444":",","445":"O","446":"A","447":"A","448":"O","449":",","450":"E","451":"A","452":"A","453":"E","454":",","455":"E","456":"A","457":"A","458":"E","459":",","460":"E","461":"A","462":"A","463":"E","464":";","465":"I","466":"A","467":"M","468":"1","469":"B","470":",","471":"I","472":"A","473":"A","474":"I","475":",","476":"Q","477":"A","478":"A","479":"Q","480":",","481":"G","482":"A","483":"A","484":"G","485":",","486":"E","487":"A","488":"A","489":"E","490":",","491":"C","492":"A","493":"A","494":"C","495":",","496":"M","497":"A","498":"A","499":"M","500":";","501":"I","502":"A","503":"C","504":"x","505":"B","506":",","507":"Q","508":"A","509":"A","510":"Q","511":",","512":"C","513":"A","514":"A","515":"C","516":",","517":"C","518":"A","519":"A","520":"C","521":";","522":"I","523":"A","524":"C","525":"V","526":";","527":"I","528":"A","529":"C","530":"A","531":",","532":"I","533":"A","534":"A","535":"I","536":",","537":"U","538":"A","539":"A","540":"U","541":",","542":"G","543":"A","544":"A","545":"G","546":",","547":"C","548":"A","549":"A","550":"C","551":",","552":"C","553":"A","554":"A","555":"C","556":",","557":"E","558":"A","559":"A","560":"E","561":",","562":"O","563":"A","564":"A","565":"O","566":",","567":"C","568":"A","569":"A","570":"C","571":",","572":"O","573":"A","574":"A","575":"O","576":",","577":"E","578":"A","579":"A","580":"E","581":",","582":"C","583":"A","584":"A","585":"C","586":";","587":"I","588":"A","589":"C","590":"v","591":"C","592":",","593":"I","594":"A","595":"A","596":"I","597":",","598":"E","599":"A","600":"A","601":"E","602":",","603":"G","604":"A","605":"A","606":"G","607":",","608":"W","609":"A","610":"A","611":"W","612":",","613":"C","614":"A","615":"A","616":"C","617":",","618":"U","619":"A","620":"A","621":"U","622":",","623":"C","624":"A","625":"A","626":"C","627":";","628":"M","629":"A","630":"A","631":"E","632":",","633":"K","634":"A","635":"A","636":"K","637":",","638":"G","639":"A","640":"A","641":"G","642":",","643":"E","644":"A","645":"A","646":"E","647":",","648":"C","649":"A","650":"A","651":"C","652":",","653":"K","654":"A","655":"A","656":"K","657":";","658":"M","659":"A","660":"A","661":"E","662":",","663":"c","664":"A","665":"A","666":"c","667":",","668":"G","669":"A","670":"A","671":"G","672":",","673":"E","674":"A","675":"A","676":"E","677":",","678":"C","679":"A","680":"A","681":"C","682":",","683":"c","684":"A","685":"A","686":"c","687":";","688":"M","689":"A","690":"A","691":"E","692":",","693":"e","694":"A","695":"A","696":"e","697":",","698":"G","699":"A","700":"A","701":"G","702":",","703":"E","704":"A","705":"A","706":"E","707":",","708":"C","709":"A","710":"A","711":"C","712":",","713":"e","714":"A","715":"A","716":"e","717":";","718":"I","719":"A","720":"C","721":"5","722":"H","723":",","724":"I","725":"A","726":"A","727":"I","728":",","729":"U","730":"A","731":"A","732":"U","733":",","734":"G","735":"A","736":"A","737":"G","738":",","739":"G","740":"A","741":"A","742":"G","743":",","744":"C","745":"A","746":"A","747":"C","748":",","749":"K","750":"A","751":"A","752":"K","753":",","754":"C","755":"A","756":"A","757":"C","758":";","759":"I","760":"A","761":"C","762":"3","763":"B","764":",","765":"I","766":"A","767":"A","768":"I","769":",","770":"a","771":"A","772":"A","773":"a","774":",","775":"G","776":"A","777":"A","778":"G","779":",","780":"Q","781":"A","782":"A","783":"Q","784":",","785":"C","786":"A","787":"A","788":"C","789":",","790":"Y","791":"A","792":"A","793":"Y","794":";","795":"M","796":"A","797":"C","798":"r","799":"C","800":",","801":"Q","802":"A","803":"A","804":"Q","805":",","806":"U","807":"A","808":"A","809":"U","810":",","811":"C","812":"A","813":"A","814":"C","815":",","816":"K","817":"A","818":"A","819":"K","820":";","821":"Q","822":"A","823":"C","824":"p","825":"B","826":",","827":"K","828":"A","829":"A","830":"K","831":",","832":"W","833":"A","834":"A","835":"W","836":";","837":"U","838":"A","839":"C","840":"Z","841":",","842":"O","843":"A","844":"A","845":"O","846":",","847":"c","848":"A","849":"A","850":"c","851":";","852":"Q","853":"A","854":"C","855":"z","856":"B","857":",","858":"K","859":"A","860":"A","861":"K","862":",","863":"Y","864":"A","865":"A","866":"Y","867":";","868":"U","869":"A","870":"C","871":"b","872":",","873":"O","874":"A","875":"A","876":"O","877":",","878":"e","879":"A","880":"A","881":"e","882":";","883":"Q","884":"A","885":"C","886":"1","887":"B","888":";","889":"U","890":"A","891":"C","892":"I","893":",","894":"O","895":"A","896":"A","897":"O","898":",","899":"K","900":"A","901":"A","902":"K","903":";","904":"M","905":"A","906":"C","907":"p","908":"B","909":";","910":"I","911":"A","912":"C","913":"J","914":",","915":"C","916":"A","917":"A","918":"C","919":",","920":"C","921":"A","922":"A","923":"C","924":";","925":"I","926":"A","927":"C","928":"F","929":",","930":"I","931":"A","932":"A","933":"I","934":",","935":"O","936":"A","937":"A","938":"O","939":",","940":"G","941":"A","942":"A","943":"G","944":",","945":"U","946":"A","947":"A","948":"U","949":",","950":"Y","951":"A","952":"A","953":"Y","954":",","955":"E","956":"A","957":"A","958":"E","959":";","960":"M","961":"A","962":"C","963":"l","964":"C","965":",","966":"I","967":"A","968":"A","969":"I","970":",","971":"O","972":"A","973":"A","974":"O","975":",","976":"G","977":"A","978":"A","979":"G","980":";","981":"Q","982":"A","983":"C","984":"V","985":",","986":"E","987":"A","988":"A","989":"E","990":",","991":"E","992":"A","993":"A","994":"E","995":",","996":"I","997":"A","998":"A","999":"I","1000":",","1001":"C","1002":"A","1003":"A","1004":"C","1005":",","1006":"G","1007":"A","1008":"A","1009":"G","1010":",","1011":"C","1012":"A","1013":"A","1014":"C","1015":",","1016":"C","1017":"A","1018":"A","1019":"C","1020":";","1021":"Q","1022":"A","1023":"C","1024":"d","1025":",","1026":"I","1027":"A","1028":"A","1029":"I","1030":",","1031":"E","1032":"A","1033":"A","1034":"E","1035":",","1036":"Y","1037":"A","1038":"A","1039":"Y","1040":";","1041":"Q","1042":"A","1043":"C","1044":"l","1045":"B","1046":",","1047":"S","1048":"A","1049":"A","1050":"S","1051":",","1052":"E","1053":"A","1054":"A","1055":"E","1056":";","1057":"M","1058":"A","1059":"C","1060":"f","1061":",","1062":"C","1063":"A","1064":"A","1065":"C","1066":";","1067":"M","1068":"A","1069":"C","1070":"D","1071":",","1072":"U","1073":"A","1074":"A","1075":"U","1076":",","1077":"C","1078":"A","1079":"A","1080":"C","1081":",","1082":"O","1083":"A","1084":"A","1085":"O","1086":",","1087":"C","1088":"A","1089":"A","1090":"C","1091":",","1092":"O","1093":"A","1094":"A","1095":"O","1096":",","1097":"C","1098":"A","1099":"A","1100":"C","1101":";","1102":"I","1103":"A","1104":"C","1105":"/","1106":"B","1107":",","1108":"C","1109":"A","1110":"A","1111":"C","1112":";","1113":"I","1114":"A","1115":"C","1116":"D","1117":",","1118":"I","1119":"A","1120":"A","1121":"I","1122":",","1123":"Y","1124":"A","1125":"A","1126":"Y","1127":",","1128":"G","1129":"A","1130":"A","1131":"G","1132":",","1133":"U","1134":"A","1135":"A","1136":"U","1137":",","1138":"M","1139":"A","1140":"A","1141":"M","1142":",","1143":"E","1144":"A","1145":"A","1146":"E","1147":";","1148":"M","1149":"A","1150":"C","1151":"j","1152":"C","1153":",","1154":"U","1155":"A","1156":"A","1157":"U","1158":",","1159":"C","1160":"A","1161":"A","1162":"C","1163":",","1164":"Y","1165":"A","1166":"A","1167":"Y","1168":",","1169":"C","1170":"A","1171":"A","1172":"C","1173":",","1174":"M","1175":"A","1176":"A","1177":"M","1178":",","1179":"C","1180":"A","1181":"A","1182":"C","1183":";","1184":"I","1185":"A","1186":"C","1187":"n","1188":"C","1189":",","1190":"C","1191":"A","1192":"A","1193":"C","1194":";","1195":"I","1196":"A","1197":"C","1198":"D","1199":",","1200":"I","1201":"A","1202":"A","1203":"I","1204":",","1205":"U","1206":"A","1207":"A","1208":"U","1209":",","1210":"G","1211":"A","1212":"A","1213":"G","1214":",","1215":"U","1216":"A","1217":"A","1218":"U","1219":",","1220":"M","1221":"A","1222":"A","1223":"M","1224":",","1225":"E","1226":"A","1227":"A","1228":"E","1229":";","1230":"M","1231":"A","1232":"C","1233":"/","1234":"B","1235":",","1236":"U","1237":"A","1238":"A","1239":"U","1240":",","1241":"C","1242":"A","1243":"A","1244":"C","1245":",","1246":"U","1247":"A","1248":"A","1249":"U","1250":",","1251":"C","1252":"A","1253":"A","1254":"C","1255":",","1256":"M","1257":"A","1258":"A","1259":"M","1260":",","1261":"C","1262":"A","1263":"A","1264":"C","1265":";","1266":"I","1267":"A","1268":"C","1269":"j","1270":"C","1271":",","1272":"C","1273":"A","1274":"A","1275":"C","1276":";","1277":"I","1278":"A","1279":"C","1280":"D","1281":",","1282":"I","1283":"A","1284":"A","1285":"I","1286":",","1287":"Y","1288":"A","1289":"A","1290":"Y","1291":",","1292":"G","1293":"A","1294":"A","1295":"G","1296":";","1297":"M","1298":"A","1299":"A","1300":"E","1301":",","1302":"U","1303":"A","1304":"A","1305":"U","1306":",","1307":"E","1308":"A","1309":"A","1310":"E","1311":",","1312":"U","1313":"A","1314":"A","1315":"U","1316":";","1317":"M","1318":"A","1319":"A","1320":"E","1321":",","1322":"K","1323":"A","1324":"A","1325":"K","1326":",","1327":"E","1328":"A","1329":"A","1330":"E","1331":",","1332":"K","1333":"A","1334":"A","1335":"K","1336":";","1337":"M","1338":"A","1339":"A","1340":"E","1341":",","1342":"c","1343":"A","1344":"A","1345":"c","1346":",","1347":"E","1348":"A","1349":"A","1350":"E","1351":",","1352":"c","1353":"A","1354":"A","1355":"c","1356":";","1357":"M","1358":"A","1359":"A","1360":"E","1361":",","1362":"e","1363":"A","1364":"A","1365":"e","1366":",","1367":"E","1368":"A","1369":"A","1370":"E","1371":",","1372":"e","1373":"A","1374":"A","1375":"e","1376":";","1377":"M","1378":"A","1379":"A","1380":"E","1381":",","1382":"U","1383":"A","1384":"A","1385":"U","1386":",","1387":"E","1388":"A","1389":"A","1390":"E","1391":",","1392":"U","1393":"A","1394":"A","1395":"U","1396":";","1397":"M","1398":"A","1399":"A","1400":"E","1401":",","1402":"a","1403":"A","1404":"A","1405":"a","1406":",","1407":"E","1408":"A","1409":"A","1410":"E","1411":",","1412":"a","1413":"A","1414":"A","1415":"a","1416":";","1417":"M","1418":"A","1419":"A","1420":"E","1421":",","1422":"O","1423":"A","1424":"A","1425":"O","1426":",","1427":"E","1428":"A","1429":"A","1430":"E","1431":",","1432":"O","1433":"A","1434":"A","1435":"O","1436":";","1437":"M","1438":"A","1439":"A","1440":"E","1441":",","1442":"Y","1443":"A","1444":"A","1445":"Y","1446":",","1447":"E","1448":"A","1449":"A","1450":"E","1451":",","1452":"Y","1453":"A","1454":"A","1455":"Y","1456":";","1457":"M","1458":"A","1459":"A","1460":"E","1461":",","1462":"U","1463":"A","1464":"A","1465":"U","1466":",","1467":"E","1468":"A","1469":"A","1470":"E","1471":",","1472":"U","1473":"A","1474":"A","1475":"U","1476":";","1477":"M","1478":"A","1479":"A","1480":"E","1481":",","1482":"O","1483":"A","1484":"A","1485":"O","1486":",","1487":"E","1488":"A","1489":"A","1490":"E","1491":",","1492":"a","1493":"A","1494":"A","1495":"a","1496":",","1497":"C","1498":"A","1499":"A","1500":"C","1501":",","1502":"O","1503":"A","1504":"A","1505":"O","1506":";","1507":"M","1508":"A","1509":"A","1510":"E","1511":",","1512":"Q","1513":"A","1514":"A","1515":"Q","1516":",","1517":"E","1518":"A","1519":"A","1520":"E","1521":",","1522":"c","1523":"A","1524":"A","1525":"c","1526":",","1527":"C","1528":"A","1529":"A","1530":"C","1531":";","1532":"I","1533":"A","1534":"A","1535":"Q","1536":",","1537":"C","1538":"A","1539":"A","1540":"C","1541":";","1542":"I","1543":"A","1544":"C","1545":"3","1546":"T","1547":",","1548":"M","1549":"A","1550":"A","1551":"M","1552":",","1553":"C","1554":"A","1555":"A","1556":"C","1557":",","1558":"c","1559":"A","1560":"A","1561":"c","1562":",","1563":"C","1564":"A","1565":"A","1566":"C","1567":",","1568":"Y","1569":"A","1570":"A","1571":"Y","1572":",","1573":"E","1574":"A","1575":"A","1576":"E","1577":",","1578":"i","1579":"B","1580":"A","1581":"A","1582":"i","1583":"B","1584":",","1585":"E","1586":"A","1587":"A","1588":"E","1589":";","1590":"M","1591":"A","1592":"A","1593":"E","1594":",","1595":"U","1596":"A","1597":"A","1598":"U","1599":",","1600":"E","1601":"A","1602":"A","1603":"E","1604":",","1605":"K","1606":"A","1607":"A","1608":"K","1609":";","1610":"M","1611":"A","1612":"A","1613":"E","1614":",","1615":"K","1616":"A","1617":"A","1618":"K","1619":",","1620":"E","1621":"A","1622":"A","1623":"E","1624":";","1625":"I","1626":"A","1627":"A","1628":"K","1629":",","1630":"C","1631":"A","1632":"A","1633":"C","1634":",","1635":"C","1636":"A","1637":"A","1638":"C","1639":"\"","1640":",","1641":"\"","1642":"f","1643":"i","1644":"l","1645":"e","1646":"\"","1647":":","1648":"\"","1649":"C","1650":":","1651":"\\","1652":"\\","1653":"U","1654":"s","1655":"e","1656":"r","1657":"s","1658":"\\","1659":"\\","1660":"A","1661":"d","1662":"m","1663":"i","1664":"n","1665":"\\","1666":"\\","1667":"D","1668":"o","1669":"c","1670":"u","1671":"m","1672":"e","1673":"n","1674":"t","1675":"s","1676":"\\","1677":"\\","1678":"D","1679":"e","1680":"v","1681":"-","1682":"w","1683":"o","1684":"r","1685":"k","1686":"\\","1687":"\\","1688":"a","1689":"s","1690":"s","1691":"e","1692":"s","1693":"m","1694":"e","1695":"n","1696":"t","1697":"s","1698":"\\","1699":"\\","1700":"n","1701":"u","1702":"x","1703":"t","1704":"j","1705":"s","1706":"-","1707":"a","1708":"s","1709":"s","1710":"e","1711":"s","1712":"m","1713":"e","1714":"n","1715":"t","1716":"\\","1717":"\\","1718":"p","1719":"a","1720":"g","1721":"e","1722":"s","1723":"\\","1724":"\\","1725":"i","1726":"n","1727":"d","1728":"e","1729":"x","1730":".","1731":"v","1732":"u","1733":"e","1734":"\"","1735":",","1736":"\"","1737":"s","1738":"o","1739":"u","1740":"r","1741":"c","1742":"e","1743":"s","1744":"C","1745":"o","1746":"n","1747":"t","1748":"e","1749":"n","1750":"t","1751":"\"","1752":":","1753":"[","1754":"\"","1755":"<","1756":"t","1757":"e","1758":"m","1759":"p","1760":"l","1761":"a","1762":"t","1763":"e","1764":">","1765":"\\","1766":"r","1767":"\\","1768":"n","1769":" ","1770":" ","1771":" ","1772":" ","1773":"<","1774":"m","1775":"a","1776":"i","1777":"n","1778":">","1779":"\\","1780":"r","1781":"\\","1782":"n","1783":" ","1784":" ","1785":" ","1786":" ","1787":"<","1788":"h","1789":"1","1790":">","1791":"L","1792":"i","1793":"s","1794":"t","1795":"a","1796":" ","1797":"d","1798":"e","1799":" ","1800":"t","1801":"a","1802":"r","1803":"e","1804":"a","1805":"s","1806":"<","1807":"/","1808":"h","1809":"1","1810":">","1811":"\\","1812":"r","1813":"\\","1814":"n","1815":" ","1816":" ","1817":" ","1818":" ","1819":"<","1820":"p","1821":">","1822":"C","1823":"r","1824":"e","1825":"a","1826":" ","1827":"u","1828":"n","1829":"a","1830":" ","1831":"l","1832":"i","1833":"s","1834":"t","1835":"a","1836":" ","1837":"d","1838":"e","1839":" ","1840":"t","1841":"a","1842":"r","1843":"e","1844":"a","1845":"s","1846":":","1847":"<","1848":"/","1849":"p","1850":">","1851":"\\","1852":"r","1853":"\\","1854":"n","1855":" ","1856":" ","1857":" ","1858":" ","1859":"\\","1860":"r","1861":"\\","1862":"n","1863":" ","1864":" ","1865":" ","1866":" ","1867":"<","1868":"A","1869":"d","1870":"d","1871":"T","1872":"a","1873":"s","1874":"k","1875":" ","1876":"@","1877":"a","1878":"d","1879":"d","1880":"T","1881":"a","1882":"s","1883":"k","1884":"=","1885":"\\","1886":"\"","1887":"a","1888":"d","1889":"d","1890":"T","1891":"a","1892":"s","1893":"k","1894":"\\","1895":"\"","1896":" ","1897":"/","1898":">","1899":"\\","1900":"r","1901":"\\","1902":"n","1903":" ","1904":" ","1905":" ","1906":" ","1907":"<","1908":"d","1909":"i","1910":"v","1911":" ","1912":"c","1913":"l","1914":"a","1915":"s","1916":"s","1917":"=","1918":"\\","1919":"\"","1920":"f","1921":"i","1922":"l","1923":"t","1924":"e","1925":"r","1926":"s","1927":"\\","1928":"\"","1929":">","1930":"\\","1931":"r","1932":"\\","1933":"n","1934":" ","1935":" ","1936":" ","1937":" ","1938":" ","1939":" ","1940":"<","1941":"p","1942":" ","1943":"c","1944":"l","1945":"a","1946":"s","1947":"s","1948":"=","1949":"\\","1950":"\"","1951":"f","1952":"i","1953":"l","1954":"t","1955":"e","1956":"r","1957":"-","1958":"t","1959":"e","1960":"x","1961":"t","1962":"\\","1963":"\"","1964":">","1965":"F","1966":"i","1967":"l","1968":"t","1969":"r","1970":"a","1971":"r","1972":" ","1973":"t","1974":"a","1975":"r","1976":"e","1977":"a","1978":"s","1979":"<","1980":"/","1981":"p","1982":">","1983":"\\","1984":"r","1985":"\\","1986":"n","1987":" ","1988":" ","1989":" ","1990":" ","1991":" ","1992":" ","1993":"<","1994":"b","1995":"u","1996":"t","1997":"t","1998":"o","1999":"n","2000":" ","2001":"c","2002":"l","2003":"a","2004":"s","2005":"s","2006":"=","2007":"\\","2008":"\"","2009":"a","2010":"l","2011":"l","2012":"\\","2013":"\"","2014":" ","2015":"@","2016":"c","2017":"l","2018":"i","2019":"c","2020":"k","2021":"=","2022":"\\","2023":"\"","2024":"t","2025":"a","2026":"s","2027":"k","2028":"F","2029":"i","2030":"l","2031":"t","2032":"e","2033":"r","2034":" ","2035":"=","2036":" ","2037":"'","2038":"a","2039":"l","2040":"l","2041":"'","2042":"\\","2043":"\"","2044":">","2045":"T","2046":"o","2047":"d","2048":"a","2049":"s","2050":"<","2051":"/","2052":"b","2053":"u","2054":"t","2055":"t","2056":"o","2057":"n","2058":">","2059":"\\","2060":"r","2061":"\\","2062":"n","2063":" ","2064":" ","2065":" ","2066":" ","2067":" ","2068":" ","2069":"<","2070":"b","2071":"u","2072":"t","2073":"t","2074":"o","2075":"n","2076":" ","2077":"c","2078":"l","2079":"a","2080":"s","2081":"s","2082":"=","2083":"\\","2084":"\"","2085":"c","2086":"o","2087":"m","2088":"p","2089":"l","2090":"e","2091":"t","2092":"e","2093":"d","2094":"\\","2095":"\"","2096":" ","2097":"@","2098":"c","2099":"l","2100":"i","2101":"c","2102":"k","2103":"=","2104":"\\","2105":"\"","2106":"t","2107":"a","2108":"s","2109":"k","2110":"F","2111":"i","2112":"l","2113":"t","2114":"e","2115":"r","2116":" ","2117":"=","2118":" ","2119":"'","2120":"c","2121":"o","2122":"m","2123":"p","2124":"l","2125":"e","2126":"t","2127":"e","2128":"d","2129":"'","2130":"\\","2131":"\"","2132":">","2133":"C","2134":"o","2135":"m","2136":"p","2137":"l","2138":"e","2139":"t","2140":"a","2141":"d","2142":"a","2143":"s","2144":"<","2145":"/","2146":"b","2147":"u","2148":"t","2149":"t","2150":"o","2151":"n","2152":">","2153":"\\","2154":"r","2155":"\\","2156":"n","2157":" ","2158":" ","2159":" ","2160":" ","2161":" ","2162":" ","2163":"<","2164":"b","2165":"u","2166":"t","2167":"t","2168":"o","2169":"n","2170":" ","2171":"c","2172":"l","2173":"a","2174":"s","2175":"s","2176":"=","2177":"\\","2178":"\"","2179":"p","2180":"e","2181":"n","2182":"d","2183":"i","2184":"n","2185":"g","2186":"\\","2187":"\"","2188":" ","2189":"@","2190":"c","2191":"l","2192":"i","2193":"c","2194":"k","2195":"=","2196":"\\","2197":"\"","2198":"t","2199":"a","2200":"s","2201":"k","2202":"F","2203":"i","2204":"l","2205":"t","2206":"e","2207":"r","2208":" ","2209":"=","2210":" ","2211":"'","2212":"i","2213":"n","2214":"c","2215":"o","2216":"m","2217":"p","2218":"l","2219":"e","2220":"t","2221":"e","2222":"'","2223":"\\","2224":"\"","2225":">","2226":"P","2227":"e","2228":"n","2229":"d","2230":"i","2231":"e","2232":"n","2233":"t","2234":"e","2235":"s","2236":"<","2237":"/","2238":"b","2239":"u","2240":"t","2241":"t","2242":"o","2243":"n","2244":">","2245":"\\","2246":"r","2247":"\\","2248":"n","2249":" ","2250":" ","2251":" ","2252":" ","2253":"<","2254":"/","2255":"d","2256":"i","2257":"v","2258":">","2259":"\\","2260":"r","2261":"\\","2262":"n","2263":"\\","2264":"r","2265":"\\","2266":"n","2267":" ","2268":" ","2269":" ","2270":" ","2271":"<","2272":"T","2273":"a","2274":"s","2275":"k","2276":"L","2277":"i","2278":"s","2279":"t","2280":" ","2281":":","2282":"t","2283":"a","2284":"s","2285":"k","2286":"s","2287":"=","2288":"\\","2289":"\"","2290":"f","2291":"i","2292":"l","2293":"t","2294":"e","2295":"r","2296":"e","2297":"d","2298":"T","2299":"a","2300":"s","2301":"k","2302":"s","2303":".","2304":"v","2305":"a","2306":"l","2307":"u","2308":"e","2309":"\\","2310":"\"","2311":" ","2312":"@","2313":"c","2314":"o","2315":"m","2316":"p","2317":"l","2318":"e","2319":"t","2320":"e","2321":"T","2322":"a","2323":"s","2324":"k","2325":"=","2326":"\\","2327":"\"","2328":"c","2329":"o","2330":"m","2331":"p","2332":"l","2333":"e","2334":"t","2335":"e","2336":"T","2337":"a","2338":"s","2339":"k","2340":"\\","2341":"\"","2342":" ","2343":"@","2344":"d","2345":"e","2346":"l","2347":"e","2348":"t","2349":"e","2350":"T","2351":"a","2352":"s","2353":"k","2354":"=","2355":"\\","2356":"\"","2357":"d","2358":"e","2359":"l","2360":"e","2361":"t","2362":"e","2363":"T","2364":"a","2365":"s","2366":"k","2367":"\\","2368":"\"","2369":" ","2370":"/","2371":">","2372":"\\","2373":"r","2374":"\\","2375":"n","2376":"\\","2377":"r","2378":"\\","2379":"n","2380":" ","2381":" ","2382":" ","2383":" ","2384":"<","2385":"d","2386":"i","2387":"v","2388":" ","2389":"c","2390":"l","2391":"a","2392":"s","2393":"s","2394":"=","2395":"\\","2396":"\"","2397":"f","2398":"o","2399":"o","2400":"t","2401":"e","2402":"r","2403":"\\","2404":"\"","2405":">","2406":"\\","2407":"r","2408":"\\","2409":"n","2410":" ","2411":" ","2412":" ","2413":" ","2414":" ","2415":" ","2416":"<","2417":"h","2418":"3","2419":">","2420":"P","2421":"r","2422":"u","2423":"e","2424":"b","2425":"a","2426":" ","2427":"T","2428":"é","2429":"c","2430":"n","2431":"i","2432":"c","2433":"a","2434":"<","2435":"/","2436":"h","2437":"3","2438":">","2439":"\\","2440":"r","2441":"\\","2442":"n","2443":" ","2444":" ","2445":" ","2446":" ","2447":" ","2448":" ","2449":"<","2450":"p","2451":">","2452":"D","2453":"e","2454":"s","2455":"a","2456":"r","2457":"r","2458":"o","2459":"l","2460":"l","2461":"a","2462":"d","2463":"o","2464":" ","2465":"p","2466":"o","2467":"r","2468":" ","2469":"C","2470":"a","2471":"r","2472":"l","2473":"o","2474":"s","2475":" ","2476":"R","2477":"ó","2478":"d","2479":"r","2480":"i","2481":"g","2482":"u","2483":"e","2484":"z","2485":"<","2486":"/","2487":"p","2488":">","2489":"\\","2490":"r","2491":"\\","2492":"n","2493":" ","2494":" ","2495":" ","2496":" ","2497":"<","2498":"/","2499":"d","2500":"i","2501":"v","2502":">","2503":"\\","2504":"r","2505":"\\","2506":"n","2507":" ","2508":" ","2509":"<","2510":"/","2511":"m","2512":"a","2513":"i","2514":"n","2515":">","2516":"\\","2517":"r","2518":"\\","2519":"n","2520":"<","2521":"/","2522":"t","2523":"e","2524":"m","2525":"p","2526":"l","2527":"a","2528":"t","2529":"e","2530":">","2531":"\\","2532":"r","2533":"\\","2534":"n","2535":"\\","2536":"r","2537":"\\","2538":"n","2539":"<","2540":"s","2541":"c","2542":"r","2543":"i","2544":"p","2545":"t","2546":" ","2547":"l","2548":"a","2549":"n","2550":"g","2551":"=","2552":"\\","2553":"\"","2554":"t","2555":"s","2556":"\\","2557":"\"","2558":" ","2559":"s","2560":"e","2561":"t","2562":"u","2563":"p","2564":">","2565":"\\","2566":"r","2567":"\\","2568":"n","2569":"/","2570":"/","2571":"i","2572":"m","2573":"p","2574":"o","2575":"r","2576":"t","2577":" ","2578":"{","2579":" ","2580":"r","2581":"e","2582":"f","2583":",","2584":" ","2585":"c","2586":"o","2587":"m","2588":"p","2589":"u","2590":"t","2591":"e","2592":"d","2593":",","2594":" ","2595":"t","2596":"y","2597":"p","2598":"e","2599":" ","2600":"R","2601":"e","2602":"f","2603":" ","2604":"}","2605":" ","2606":"f","2607":"r","2608":"o","2609":"m","2610":" ","2611":"'","2612":"v","2613":"u","2614":"e","2615":"'","2616":";","2617":"\\","2618":"r","2619":"\\","2620":"n","2621":"i","2622":"m","2623":"p","2624":"o","2625":"r","2626":"t","2627":" ","2628":"u","2629":"s","2630":"e","2631":"T","2632":"a","2633":"s","2634":"k","2635":"s","2636":"S","2637":"t","2638":"o","2639":"r","2640":"e","2641":" ","2642":"f","2643":"r","2644":"o","2645":"m","2646":" ","2647":"'","2648":"@","2649":"/","2650":"s","2651":"t","2652":"o","2653":"r","2654":"e","2655":"/","2656":"t","2657":"a","2658":"s","2659":"k","2660":"s","2661":"'","2662":";","2663":"\\","2664":"r","2665":"\\","2666":"n","2667":"i","2668":"m","2669":"p","2670":"o","2671":"r","2672":"t","2673":" ","2674":"A","2675":"d","2676":"d","2677":"T","2678":"a","2679":"s","2680":"k","2681":" ","2682":"f","2683":"r","2684":"o","2685":"m","2686":" ","2687":"'","2688":"@","2689":"/","2690":"c","2691":"o","2692":"m","2693":"p","2694":"o","2695":"n","2696":"e","2697":"n","2698":"t","2699":"s","2700":"/","2701":"A","2702":"d","2703":"d","2704":"T","2705":"a","2706":"s","2707":"k","2708":".","2709":"v","2710":"u","2711":"e","2712":"'","2713":";","2714":"\\","2715":"r","2716":"\\","2717":"n","2718":"i","2719":"m","2720":"p","2721":"o","2722":"r","2723":"t","2724":" ","2725":"T","2726":"a","2727":"s","2728":"k","2729":"L","2730":"i","2731":"s","2732":"t","2733":" ","2734":"f","2735":"r","2736":"o","2737":"m","2738":" ","2739":"'","2740":"@","2741":"/","2742":"c","2743":"o","2744":"m","2745":"p","2746":"o","2747":"n","2748":"e","2749":"n","2750":"t","2751":"s","2752":"/","2753":"T","2754":"a","2755":"s","2756":"k","2757":"L","2758":"i","2759":"s","2760":"t","2761":".","2762":"v","2763":"u","2764":"e","2765":"'","2766":";","2767":"\\","2768":"r","2769":"\\","2770":"n","2771":"i","2772":"m","2773":"p","2774":"o","2775":"r","2776":"t","2777":" ","2778":"{","2779":" ","2780":"t","2781":"y","2782":"p","2783":"e","2784":" ","2785":"T","2786":"a","2787":"s","2788":"k","2789":" ","2790":"}","2791":" ","2792":"f","2793":"r","2794":"o","2795":"m","2796":" ","2797":"'","2798":"@","2799":"/","2800":"i","2801":"n","2802":"t","2803":"e","2804":"r","2805":"f","2806":"a","2807":"c","2808":"e","2809":"s","2810":"/","2811":"t","2812":"a","2813":"s","2814":"k","2815":"s","2816":"'","2817":";","2818":"\\","2819":"r","2820":"\\","2821":"n","2822":"\\","2823":"r","2824":"\\","2825":"n","2826":"c","2827":"o","2828":"n","2829":"s","2830":"t","2831":" ","2832":"t","2833":"a","2834":"s","2835":"k","2836":"s","2837":"S","2838":"t","2839":"o","2840":"r","2841":"e","2842":" ","2843":"=","2844":" ","2845":"u","2846":"s","2847":"e","2848":"T","2849":"a","2850":"s","2851":"k","2852":"s","2853":"S","2854":"t","2855":"o","2856":"r","2857":"e","2858":"(","2859":")","2860":";","2861":"\\","2862":"r","2863":"\\","2864":"n","2865":"c","2866":"o","2867":"n","2868":"s","2869":"t","2870":" ","2871":"{","2872":" ","2873":"t","2874":"a","2875":"s","2876":"k","2877":"s","2878":",","2879":" ","2880":"c","2881":"o","2882":"m","2883":"p","2884":"l","2885":"e","2886":"t","2887":"e","2888":"d","2889":"T","2890":"a","2891":"s","2892":"k","2893":"s","2894":",","2895":" ","2896":"i","2897":"n","2898":"c","2899":"o","2900":"m","2901":"p","2902":"l","2903":"e","2904":"t","2905":"e","2906":"T","2907":"a","2908":"s","2909":"k","2910":"s","2911":" ","2912":"}","2913":" ","2914":"=","2915":" ","2916":"s","2917":"t","2918":"o","2919":"r","2920":"e","2921":"T","2922":"o","2923":"R","2924":"e","2925":"f","2926":"s","2927":"(","2928":"t","2929":"a","2930":"s","2931":"k","2932":"s","2933":"S","2934":"t","2935":"o","2936":"r","2937":"e","2938":")","2939":";","2940":"\\","2941":"r","2942":"\\","2943":"n","2944":"c","2945":"o","2946":"n","2947":"s","2948":"t","2949":" ","2950":"t","2951":"a","2952":"s","2953":"k","2954":"F","2955":"i","2956":"l","2957":"t","2958":"e","2959":"r","2960":" ","2961":"=","2962":" ","2963":"r","2964":"e","2965":"f","2966":"<","2967":"s","2968":"t","2969":"r","2970":"i","2971":"n","2972":"g","2973":">","2974":"(","2975":"'","2976":"a","2977":"l","2978":"l","2979":"'","2980":")","2981":";","2982":"\\","2983":"r","2984":"\\","2985":"n","2986":"\\","2987":"r","2988":"\\","2989":"n","2990":"c","2991":"o","2992":"n","2993":"s","2994":"t","2995":" ","2996":"f","2997":"i","2998":"l","2999":"t","3000":"e","3001":"r","3002":"e","3003":"d","3004":"T","3005":"a","3006":"s","3007":"k","3008":"s","3009":" ","3010":"=","3011":" ","3012":"c","3013":"o","3014":"m","3015":"p","3016":"u","3017":"t","3018":"e","3019":"d","3020":"(","3021":"(","3022":")","3023":" ","3024":"=","3025":">","3026":" ","3027":"{","3028":"\\","3029":"r","3030":"\\","3031":"n","3032":" ","3033":" ","3034":"s","3035":"w","3036":"i","3037":"t","3038":"c","3039":"h","3040":" ","3041":"(","3042":"t","3043":"a","3044":"s","3045":"k","3046":"F","3047":"i","3048":"l","3049":"t","3050":"e","3051":"r","3052":".","3053":"v","3054":"a","3055":"l","3056":"u","3057":"e","3058":")","3059":" ","3060":"{","3061":"\\","3062":"r","3063":"\\","3064":"n","3065":" ","3066":" ","3067":" ","3068":" ","3069":"c","3070":"a","3071":"s","3072":"e","3073":" ","3074":"'","3075":"c","3076":"o","3077":"m","3078":"p","3079":"l","3080":"e","3081":"t","3082":"e","3083":"d","3084":"'","3085":":","3086":"\\","3087":"r","3088":"\\","3089":"n","3090":" ","3091":" ","3092":" ","3093":" ","3094":" ","3095":" ","3096":"r","3097":"e","3098":"t","3099":"u","3100":"r","3101":"n","3102":" ","3103":"c","3104":"o","3105":"m","3106":"p","3107":"l","3108":"e","3109":"t","3110":"e","3111":"d","3112":"T","3113":"a","3114":"s","3115":"k","3116":"s","3117":";","3118":"\\","3119":"r","3120":"\\","3121":"n","3122":" ","3123":" ","3124":" ","3125":" ","3126":"c","3127":"a","3128":"s","3129":"e","3130":" ","3131":"'","3132":"i","3133":"n","3134":"c","3135":"o","3136":"m","3137":"p","3138":"l","3139":"e","3140":"t","3141":"e","3142":"'","3143":":","3144":"\\","3145":"r","3146":"\\","3147":"n","3148":" ","3149":" ","3150":" ","3151":" ","3152":" ","3153":" ","3154":"r","3155":"e","3156":"t","3157":"u","3158":"r","3159":"n","3160":" ","3161":"i","3162":"n","3163":"c","3164":"o","3165":"m","3166":"p","3167":"l","3168":"e","3169":"t","3170":"e","3171":"T","3172":"a","3173":"s","3174":"k","3175":"s","3176":";","3177":"\\","3178":"r","3179":"\\","3180":"n","3181":" ","3182":" ","3183":" ","3184":" ","3185":"d","3186":"e","3187":"f","3188":"a","3189":"u","3190":"l","3191":"t","3192":":","3193":"\\","3194":"r","3195":"\\","3196":"n","3197":" ","3198":" ","3199":" ","3200":" ","3201":" ","3202":" ","3203":"r","3204":"e","3205":"t","3206":"u","3207":"r","3208":"n","3209":" ","3210":"t","3211":"a","3212":"s","3213":"k","3214":"s","3215":";","3216":"\\","3217":"r","3218":"\\","3219":"n","3220":" ","3221":" ","3222":"}","3223":"\\","3224":"r","3225":"\\","3226":"n","3227":"}","3228":")","3229":";","3230":" ","3231":"\\","3232":"r","3233":"\\","3234":"n","3235":"\\","3236":"r","3237":"\\","3238":"n","3239":"c","3240":"o","3241":"n","3242":"s","3243":"t","3244":" ","3245":"a","3246":"d","3247":"d","3248":"T","3249":"a","3250":"s","3251":"k","3252":" ","3253":"=","3254":" ","3255":"(","3256":"n","3257":"e","3258":"w","3259":"T","3260":"a","3261":"s","3262":"k","3263":"T","3264":"i","3265":"t","3266":"l","3267":"e","3268":":","3269":" ","3270":"s","3271":"t","3272":"r","3273":"i","3274":"n","3275":"g","3276":")","3277":" ","3278":"=","3279":">","3280":" ","3281":"{","3282":"\\","3283":"r","3284":"\\","3285":"n","3286":" ","3287":" ","3288":"c","3289":"o","3290":"n","3291":"s","3292":"t","3293":" ","3294":"n","3295":"e","3296":"w","3297":"T","3298":"a","3299":"s","3300":"k","3301":":","3302":" ","3303":"T","3304":"a","3305":"s","3306":"k","3307":" ","3308":"=","3309":" ","3310":"{","3311":" ","3312":"\\","3313":"r","3314":"\\","3315":"n","3316":" ","3317":" ","3318":" ","3319":" ","3320":"i","3321":"d","3322":":","3323":" ","3324":"D","3325":"a","3326":"t","3327":"e","3328":".","3329":"n","3330":"o","3331":"w","3332":"(","3333":")","3334":",","3335":"\\","3336":"r","3337":"\\","3338":"n","3339":" ","3340":" ","3341":" ","3342":" ","3343":"n","3344":"a","3345":"m","3346":"e","3347":":","3348":" ","3349":"n","3350":"e","3351":"w","3352":"T","3353":"a","3354":"s","3355":"k","3356":"T","3357":"i","3358":"t","3359":"l","3360":"e","3361":",","3362":"\\","3363":"r","3364":"\\","3365":"n","3366":" ","3367":" ","3368":" ","3369":" ","3370":"c","3371":"o","3372":"m","3373":"p","3374":"l","3375":"e","3376":"t","3377":"e","3378":"d","3379":":","3380":" ","3381":"f","3382":"a","3383":"l","3384":"s","3385":"e","3386":"\\","3387":"r","3388":"\\","3389":"n","3390":" ","3391":" ","3392":"}","3393":";","3394":"\\","3395":"r","3396":"\\","3397":"n","3398":" ","3399":" ","3400":"t","3401":"a","3402":"s","3403":"k","3404":"s","3405":"S","3406":"t","3407":"o","3408":"r","3409":"e","3410":".","3411":"a","3412":"d","3413":"d","3414":"T","3415":"a","3416":"s","3417":"k","3418":"(","3419":"n","3420":"e","3421":"w","3422":"T","3423":"a","3424":"s","3425":"k","3426":")","3427":";","3428":"\\","3429":"r","3430":"\\","3431":"n","3432":"}","3433":";","3434":"\\","3435":"r","3436":"\\","3437":"n","3438":"\\","3439":"r","3440":"\\","3441":"n","3442":"c","3443":"o","3444":"n","3445":"s","3446":"t","3447":" ","3448":"c","3449":"o","3450":"m","3451":"p","3452":"l","3453":"e","3454":"t","3455":"e","3456":"T","3457":"a","3458":"s","3459":"k","3460":" ","3461":"=","3462":" ","3463":"(","3464":"t","3465":"a","3466":"s","3467":"k","3468":"I","3469":"d","3470":":","3471":" ","3472":"n","3473":"u","3474":"m","3475":"b","3476":"e","3477":"r","3478":")","3479":" ","3480":"=","3481":">","3482":" ","3483":"{","3484":"\\","3485":"r","3486":"\\","3487":"n","3488":" ","3489":" ","3490":"t","3491":"a","3492":"s","3493":"k","3494":"s","3495":"S","3496":"t","3497":"o","3498":"r","3499":"e","3500":".","3501":"c","3502":"o","3503":"m","3504":"p","3505":"l","3506":"e","3507":"t","3508":"e","3509":"T","3510":"a","3511":"s","3512":"k","3513":"(","3514":"t","3515":"a","3516":"s","3517":"k","3518":"I","3519":"d","3520":")","3521":";","3522":"\\","3523":"r","3524":"\\","3525":"n","3526":"}","3527":";","3528":"\\","3529":"r","3530":"\\","3531":"n","3532":"\\","3533":"r","3534":"\\","3535":"n","3536":"c","3537":"o","3538":"n","3539":"s","3540":"t","3541":" ","3542":"d","3543":"e","3544":"l","3545":"e","3546":"t","3547":"e","3548":"T","3549":"a","3550":"s","3551":"k","3552":" ","3553":"=","3554":" ","3555":"(","3556":"t","3557":"a","3558":"s","3559":"k","3560":"I","3561":"d","3562":":","3563":" ","3564":"n","3565":"u","3566":"m","3567":"b","3568":"e","3569":"r","3570":")","3571":" ","3572":"=","3573":">","3574":" ","3575":"{","3576":"\\","3577":"r","3578":"\\","3579":"n","3580":" ","3581":" ","3582":"t","3583":"a","3584":"s","3585":"k","3586":"s","3587":"S","3588":"t","3589":"o","3590":"r","3591":"e","3592":".","3593":"d","3594":"e","3595":"l","3596":"e","3597":"t","3598":"e","3599":"T","3600":"a","3601":"s","3602":"k","3603":"(","3604":"t","3605":"a","3606":"s","3607":"k","3608":"I","3609":"d","3610":")","3611":";","3612":"\\","3613":"r","3614":"\\","3615":"n","3616":"}","3617":";","3618":"\\","3619":"r","3620":"\\","3621":"n","3622":"\\","3623":"r","3624":"\\","3625":"n","3626":"<","3627":"/","3628":"s","3629":"c","3630":"r","3631":"i","3632":"p","3633":"t","3634":">","3635":"\"","3636":"]","3637":"}"}}
}
